[2024-12-26 11:21:54] local.ERROR: Class "App\Iconos" not found {"exception":"[object] (Error(code: 0): Class \"App\\Iconos\" not found at C:\\xampp\\htdocs\\casaOrientaNew\\app\\Http\\Controllers\\ArticulosController.php:681)
[stacktrace]
#0 C:\\xampp\\htdocs\\casaOrientaNew\\vendor\\laravel\\framework\\src\\Illuminate\\Routing\\Controller.php(54): App\\Http\\Controllers\\ArticulosController->index(Object(Illuminate\\Http\\Request))
#1 C:\\xampp\\htdocs\\casaOrientaNew\\vendor\\laravel\\framework\\src\\Illuminate\\Routing\\ControllerDispatcher.php(43): Illuminate\\Routing\\Controller->callAction('index', Array)
#2 C:\\xampp\\htdocs\\casaOrientaNew\\vendor\\laravel\\framework\\src\\Illuminate\\Routing\\Route.php(264): Illuminate\\Routing\\ControllerDispatcher->dispatch(Object(Illuminate\\Routing\\Route), Object(App\\Http\\Controllers\\ArticulosController), 'index')
#3 C:\\xampp\\htdocs\\casaOrientaNew\\vendor\\laravel\\framework\\src\\Illuminate\\Routing\\Route.php(210): Illuminate\\Routing\\Route->runController()
#4 C:\\xampp\\htdocs\\casaOrientaNew\\vendor\\laravel\\framework\\src\\Illuminate\\Routing\\Router.php(808): Illuminate\\Routing\\Route->run()
#5 C:\\xampp\\htdocs\\casaOrientaNew\\vendor\\laravel\\framework\\src\\Illuminate\\Pipeline\\Pipeline.php(144): Illuminate\\Routing\\Router->Illuminate\\Routing\\{closure}(Object(Illuminate\\Http\\Request))
#6 C:\\xampp\\htdocs\\casaOrientaNew\\vendor\\laravel\\framework\\src\\Illuminate\\Routing\\Middleware\\SubstituteBindings.php(51): Illuminate\\Pipeline\\Pipeline->Illuminate\\Pipeline\\{closure}(Object(Illuminate\\Http\\Request))
#7 C:\\xampp\\htdocs\\casaOrientaNew\\vendor\\laravel\\framework\\src\\Illuminate\\Pipeline\\Pipeline.php(183): Illuminate\\Routing\\Middleware\\SubstituteBindings->handle(Object(Illuminate\\Http\\Request), Object(Closure))
#8 C:\\xampp\\htdocs\\casaOrientaNew\\vendor\\laravel\\framework\\src\\Illuminate\\Foundation\\Http\\Middleware\\VerifyCsrfToken.php(88): Illuminate\\Pipeline\\Pipeline->Illuminate\\Pipeline\\{closure}(Object(Illuminate\\Http\\Request))
#9 C:\\xampp\\htdocs\\casaOrientaNew\\vendor\\laravel\\framework\\src\\Illuminate\\Pipeline\\Pipeline.php(183): Illuminate\\Foundation\\Http\\Middleware\\VerifyCsrfToken->handle(Object(Illuminate\\Http\\Request), Object(Closure))
#10 C:\\xampp\\htdocs\\casaOrientaNew\\vendor\\laravel\\framework\\src\\Illuminate\\View\\Middleware\\ShareErrorsFromSession.php(49): Illuminate\\Pipeline\\Pipeline->Illuminate\\Pipeline\\{closure}(Object(Illuminate\\Http\\Request))
#11 C:\\xampp\\htdocs\\casaOrientaNew\\vendor\\laravel\\framework\\src\\Illuminate\\Pipeline\\Pipeline.php(183): Illuminate\\View\\Middleware\\ShareErrorsFromSession->handle(Object(Illuminate\\Http\\Request), Object(Closure))
#12 C:\\xampp\\htdocs\\casaOrientaNew\\vendor\\laravel\\framework\\src\\Illuminate\\Session\\Middleware\\StartSession.php(121): Illuminate\\Pipeline\\Pipeline->Illuminate\\Pipeline\\{closure}(Object(Illuminate\\Http\\Request))
#13 C:\\xampp\\htdocs\\casaOrientaNew\\vendor\\laravel\\framework\\src\\Illuminate\\Session\\Middleware\\StartSession.php(64): Illuminate\\Session\\Middleware\\StartSession->handleStatefulRequest(Object(Illuminate\\Http\\Request), Object(Illuminate\\Session\\Store), Object(Closure))
#14 C:\\xampp\\htdocs\\casaOrientaNew\\vendor\\laravel\\framework\\src\\Illuminate\\Pipeline\\Pipeline.php(183): Illuminate\\Session\\Middleware\\StartSession->handle(Object(Illuminate\\Http\\Request), Object(Closure))
#15 C:\\xampp\\htdocs\\casaOrientaNew\\vendor\\laravel\\framework\\src\\Illuminate\\Cookie\\Middleware\\AddQueuedCookiesToResponse.php(37): Illuminate\\Pipeline\\Pipeline->Illuminate\\Pipeline\\{closure}(Object(Illuminate\\Http\\Request))
#16 C:\\xampp\\htdocs\\casaOrientaNew\\vendor\\laravel\\framework\\src\\Illuminate\\Pipeline\\Pipeline.php(183): Illuminate\\Cookie\\Middleware\\AddQueuedCookiesToResponse->handle(Object(Illuminate\\Http\\Request), Object(Closure))
#17 C:\\xampp\\htdocs\\casaOrientaNew\\vendor\\laravel\\framework\\src\\Illuminate\\Cookie\\Middleware\\EncryptCookies.php(75): Illuminate\\Pipeline\\Pipeline->Illuminate\\Pipeline\\{closure}(Object(Illuminate\\Http\\Request))
#18 C:\\xampp\\htdocs\\casaOrientaNew\\vendor\\laravel\\framework\\src\\Illuminate\\Pipeline\\Pipeline.php(183): Illuminate\\Cookie\\Middleware\\EncryptCookies->handle(Object(Illuminate\\Http\\Request), Object(Closure))
#19 C:\\xampp\\htdocs\\casaOrientaNew\\vendor\\laravel\\framework\\src\\Illuminate\\Pipeline\\Pipeline.php(119): Illuminate\\Pipeline\\Pipeline->Illuminate\\Pipeline\\{closure}(Object(Illuminate\\Http\\Request))
#20 C:\\xampp\\htdocs\\casaOrientaNew\\vendor\\laravel\\framework\\src\\Illuminate\\Routing\\Router.php(807): Illuminate\\Pipeline\\Pipeline->then(Object(Closure))
#21 C:\\xampp\\htdocs\\casaOrientaNew\\vendor\\laravel\\framework\\src\\Illuminate\\Routing\\Router.php(786): Illuminate\\Routing\\Router->runRouteWithinStack(Object(Illuminate\\Routing\\Route), Object(Illuminate\\Http\\Request))
#22 C:\\xampp\\htdocs\\casaOrientaNew\\vendor\\laravel\\framework\\src\\Illuminate\\Routing\\Router.php(750): Illuminate\\Routing\\Router->runRoute(Object(Illuminate\\Http\\Request), Object(Illuminate\\Routing\\Route))
#23 C:\\xampp\\htdocs\\casaOrientaNew\\vendor\\laravel\\framework\\src\\Illuminate\\Routing\\Router.php(739): Illuminate\\Routing\\Router->dispatchToRoute(Object(Illuminate\\Http\\Request))
#24 C:\\xampp\\htdocs\\casaOrientaNew\\vendor\\laravel\\framework\\src\\Illuminate\\Foundation\\Http\\Kernel.php(201): Illuminate\\Routing\\Router->dispatch(Object(Illuminate\\Http\\Request))
#25 C:\\xampp\\htdocs\\casaOrientaNew\\vendor\\laravel\\framework\\src\\Illuminate\\Pipeline\\Pipeline.php(144): Illuminate\\Foundation\\Http\\Kernel->Illuminate\\Foundation\\Http\\{closure}(Object(Illuminate\\Http\\Request))
#26 C:\\xampp\\htdocs\\casaOrientaNew\\vendor\\laravel\\framework\\src\\Illuminate\\Foundation\\Http\\Middleware\\TransformsRequest.php(21): Illuminate\\Pipeline\\Pipeline->Illuminate\\Pipeline\\{closure}(Object(Illuminate\\Http\\Request))
#27 C:\\xampp\\htdocs\\casaOrientaNew\\vendor\\laravel\\framework\\src\\Illuminate\\Foundation\\Http\\Middleware\\ConvertEmptyStringsToNull.php(31): Illuminate\\Foundation\\Http\\Middleware\\TransformsRequest->handle(Object(Illuminate\\Http\\Request), Object(Closure))
#28 C:\\xampp\\htdocs\\casaOrientaNew\\vendor\\laravel\\framework\\src\\Illuminate\\Pipeline\\Pipeline.php(183): Illuminate\\Foundation\\Http\\Middleware\\ConvertEmptyStringsToNull->handle(Object(Illuminate\\Http\\Request), Object(Closure))
#29 C:\\xampp\\htdocs\\casaOrientaNew\\vendor\\laravel\\framework\\src\\Illuminate\\Foundation\\Http\\Middleware\\TransformsRequest.php(21): Illuminate\\Pipeline\\Pipeline->Illuminate\\Pipeline\\{closure}(Object(Illuminate\\Http\\Request))
#30 C:\\xampp\\htdocs\\casaOrientaNew\\vendor\\laravel\\framework\\src\\Illuminate\\Foundation\\Http\\Middleware\\TrimStrings.php(51): Illuminate\\Foundation\\Http\\Middleware\\TransformsRequest->handle(Object(Illuminate\\Http\\Request), Object(Closure))
#31 C:\\xampp\\htdocs\\casaOrientaNew\\vendor\\laravel\\framework\\src\\Illuminate\\Pipeline\\Pipeline.php(183): Illuminate\\Foundation\\Http\\Middleware\\TrimStrings->handle(Object(Illuminate\\Http\\Request), Object(Closure))
#32 C:\\xampp\\htdocs\\casaOrientaNew\\vendor\\laravel\\framework\\src\\Illuminate\\Http\\Middleware\\ValidatePostSize.php(27): Illuminate\\Pipeline\\Pipeline->Illuminate\\Pipeline\\{closure}(Object(Illuminate\\Http\\Request))
#33 C:\\xampp\\htdocs\\casaOrientaNew\\vendor\\laravel\\framework\\src\\Illuminate\\Pipeline\\Pipeline.php(183): Illuminate\\Http\\Middleware\\ValidatePostSize->handle(Object(Illuminate\\Http\\Request), Object(Closure))
#34 C:\\xampp\\htdocs\\casaOrientaNew\\vendor\\laravel\\framework\\src\\Illuminate\\Foundation\\Http\\Middleware\\PreventRequestsDuringMaintenance.php(110): Illuminate\\Pipeline\\Pipeline->Illuminate\\Pipeline\\{closure}(Object(Illuminate\\Http\\Request))
#35 C:\\xampp\\htdocs\\casaOrientaNew\\vendor\\laravel\\framework\\src\\Illuminate\\Pipeline\\Pipeline.php(183): Illuminate\\Foundation\\Http\\Middleware\\PreventRequestsDuringMaintenance->handle(Object(Illuminate\\Http\\Request), Object(Closure))
#36 C:\\xampp\\htdocs\\casaOrientaNew\\vendor\\laravel\\framework\\src\\Illuminate\\Http\\Middleware\\HandleCors.php(49): Illuminate\\Pipeline\\Pipeline->Illuminate\\Pipeline\\{closure}(Object(Illuminate\\Http\\Request))
#37 C:\\xampp\\htdocs\\casaOrientaNew\\vendor\\laravel\\framework\\src\\Illuminate\\Pipeline\\Pipeline.php(183): Illuminate\\Http\\Middleware\\HandleCors->handle(Object(Illuminate\\Http\\Request), Object(Closure))
#38 C:\\xampp\\htdocs\\casaOrientaNew\\vendor\\laravel\\framework\\src\\Illuminate\\Http\\Middleware\\TrustProxies.php(58): Illuminate\\Pipeline\\Pipeline->Illuminate\\Pipeline\\{closure}(Object(Illuminate\\Http\\Request))
#39 C:\\xampp\\htdocs\\casaOrientaNew\\vendor\\laravel\\framework\\src\\Illuminate\\Pipeline\\Pipeline.php(183): Illuminate\\Http\\Middleware\\TrustProxies->handle(Object(Illuminate\\Http\\Request), Object(Closure))
#40 C:\\xampp\\htdocs\\casaOrientaNew\\vendor\\laravel\\framework\\src\\Illuminate\\Pipeline\\Pipeline.php(119): Illuminate\\Pipeline\\Pipeline->Illuminate\\Pipeline\\{closure}(Object(Illuminate\\Http\\Request))
#41 C:\\xampp\\htdocs\\casaOrientaNew\\vendor\\laravel\\framework\\src\\Illuminate\\Foundation\\Http\\Kernel.php(176): Illuminate\\Pipeline\\Pipeline->then(Object(Closure))
#42 C:\\xampp\\htdocs\\casaOrientaNew\\vendor\\laravel\\framework\\src\\Illuminate\\Foundation\\Http\\Kernel.php(145): Illuminate\\Foundation\\Http\\Kernel->sendRequestThroughRouter(Object(Illuminate\\Http\\Request))
#43 C:\\xampp\\htdocs\\casaOrientaNew\\public\\index.php(54): Illuminate\\Foundation\\Http\\Kernel->handle(Object(Illuminate\\Http\\Request))
#44 C:\\xampp\\htdocs\\casaOrientaNew\\server.php(21): require_once('C:\\\\xampp\\\\htdocs...')
#45 {main}
"} 
[2024-12-26 11:37:32] local.ERROR: Class "App\Categorias" not found {"exception":"[object] (Error(code: 0): Class \"App\\Categorias\" not found at C:\\xampp\\htdocs\\casaOrientaNew\\app\\Http\\Controllers\\ArticulosController.php:22)
[stacktrace]
#0 C:\\xampp\\htdocs\\casaOrientaNew\\vendor\\laravel\\framework\\src\\Illuminate\\Routing\\Controller.php(54): App\\Http\\Controllers\\ArticulosController->articulos()
#1 C:\\xampp\\htdocs\\casaOrientaNew\\vendor\\laravel\\framework\\src\\Illuminate\\Routing\\ControllerDispatcher.php(43): Illuminate\\Routing\\Controller->callAction('articulos', Array)
#2 C:\\xampp\\htdocs\\casaOrientaNew\\vendor\\laravel\\framework\\src\\Illuminate\\Routing\\Route.php(264): Illuminate\\Routing\\ControllerDispatcher->dispatch(Object(Illuminate\\Routing\\Route), Object(App\\Http\\Controllers\\ArticulosController), 'articulos')
#3 C:\\xampp\\htdocs\\casaOrientaNew\\vendor\\laravel\\framework\\src\\Illuminate\\Routing\\Route.php(210): Illuminate\\Routing\\Route->runController()
#4 C:\\xampp\\htdocs\\casaOrientaNew\\vendor\\laravel\\framework\\src\\Illuminate\\Routing\\Router.php(808): Illuminate\\Routing\\Route->run()
#5 C:\\xampp\\htdocs\\casaOrientaNew\\vendor\\laravel\\framework\\src\\Illuminate\\Pipeline\\Pipeline.php(144): Illuminate\\Routing\\Router->Illuminate\\Routing\\{closure}(Object(Illuminate\\Http\\Request))
#6 C:\\xampp\\htdocs\\casaOrientaNew\\vendor\\laravel\\framework\\src\\Illuminate\\Routing\\Middleware\\SubstituteBindings.php(51): Illuminate\\Pipeline\\Pipeline->Illuminate\\Pipeline\\{closure}(Object(Illuminate\\Http\\Request))
#7 C:\\xampp\\htdocs\\casaOrientaNew\\vendor\\laravel\\framework\\src\\Illuminate\\Pipeline\\Pipeline.php(183): Illuminate\\Routing\\Middleware\\SubstituteBindings->handle(Object(Illuminate\\Http\\Request), Object(Closure))
#8 C:\\xampp\\htdocs\\casaOrientaNew\\vendor\\laravel\\framework\\src\\Illuminate\\Foundation\\Http\\Middleware\\VerifyCsrfToken.php(88): Illuminate\\Pipeline\\Pipeline->Illuminate\\Pipeline\\{closure}(Object(Illuminate\\Http\\Request))
#9 C:\\xampp\\htdocs\\casaOrientaNew\\vendor\\laravel\\framework\\src\\Illuminate\\Pipeline\\Pipeline.php(183): Illuminate\\Foundation\\Http\\Middleware\\VerifyCsrfToken->handle(Object(Illuminate\\Http\\Request), Object(Closure))
#10 C:\\xampp\\htdocs\\casaOrientaNew\\vendor\\laravel\\framework\\src\\Illuminate\\View\\Middleware\\ShareErrorsFromSession.php(49): Illuminate\\Pipeline\\Pipeline->Illuminate\\Pipeline\\{closure}(Object(Illuminate\\Http\\Request))
#11 C:\\xampp\\htdocs\\casaOrientaNew\\vendor\\laravel\\framework\\src\\Illuminate\\Pipeline\\Pipeline.php(183): Illuminate\\View\\Middleware\\ShareErrorsFromSession->handle(Object(Illuminate\\Http\\Request), Object(Closure))
#12 C:\\xampp\\htdocs\\casaOrientaNew\\vendor\\laravel\\framework\\src\\Illuminate\\Session\\Middleware\\StartSession.php(121): Illuminate\\Pipeline\\Pipeline->Illuminate\\Pipeline\\{closure}(Object(Illuminate\\Http\\Request))
#13 C:\\xampp\\htdocs\\casaOrientaNew\\vendor\\laravel\\framework\\src\\Illuminate\\Session\\Middleware\\StartSession.php(64): Illuminate\\Session\\Middleware\\StartSession->handleStatefulRequest(Object(Illuminate\\Http\\Request), Object(Illuminate\\Session\\Store), Object(Closure))
#14 C:\\xampp\\htdocs\\casaOrientaNew\\vendor\\laravel\\framework\\src\\Illuminate\\Pipeline\\Pipeline.php(183): Illuminate\\Session\\Middleware\\StartSession->handle(Object(Illuminate\\Http\\Request), Object(Closure))
#15 C:\\xampp\\htdocs\\casaOrientaNew\\vendor\\laravel\\framework\\src\\Illuminate\\Cookie\\Middleware\\AddQueuedCookiesToResponse.php(37): Illuminate\\Pipeline\\Pipeline->Illuminate\\Pipeline\\{closure}(Object(Illuminate\\Http\\Request))
#16 C:\\xampp\\htdocs\\casaOrientaNew\\vendor\\laravel\\framework\\src\\Illuminate\\Pipeline\\Pipeline.php(183): Illuminate\\Cookie\\Middleware\\AddQueuedCookiesToResponse->handle(Object(Illuminate\\Http\\Request), Object(Closure))
#17 C:\\xampp\\htdocs\\casaOrientaNew\\vendor\\laravel\\framework\\src\\Illuminate\\Cookie\\Middleware\\EncryptCookies.php(75): Illuminate\\Pipeline\\Pipeline->Illuminate\\Pipeline\\{closure}(Object(Illuminate\\Http\\Request))
#18 C:\\xampp\\htdocs\\casaOrientaNew\\vendor\\laravel\\framework\\src\\Illuminate\\Pipeline\\Pipeline.php(183): Illuminate\\Cookie\\Middleware\\EncryptCookies->handle(Object(Illuminate\\Http\\Request), Object(Closure))
#19 C:\\xampp\\htdocs\\casaOrientaNew\\vendor\\laravel\\framework\\src\\Illuminate\\Pipeline\\Pipeline.php(119): Illuminate\\Pipeline\\Pipeline->Illuminate\\Pipeline\\{closure}(Object(Illuminate\\Http\\Request))
#20 C:\\xampp\\htdocs\\casaOrientaNew\\vendor\\laravel\\framework\\src\\Illuminate\\Routing\\Router.php(807): Illuminate\\Pipeline\\Pipeline->then(Object(Closure))
#21 C:\\xampp\\htdocs\\casaOrientaNew\\vendor\\laravel\\framework\\src\\Illuminate\\Routing\\Router.php(786): Illuminate\\Routing\\Router->runRouteWithinStack(Object(Illuminate\\Routing\\Route), Object(Illuminate\\Http\\Request))
#22 C:\\xampp\\htdocs\\casaOrientaNew\\vendor\\laravel\\framework\\src\\Illuminate\\Routing\\Router.php(750): Illuminate\\Routing\\Router->runRoute(Object(Illuminate\\Http\\Request), Object(Illuminate\\Routing\\Route))
#23 C:\\xampp\\htdocs\\casaOrientaNew\\vendor\\laravel\\framework\\src\\Illuminate\\Routing\\Router.php(739): Illuminate\\Routing\\Router->dispatchToRoute(Object(Illuminate\\Http\\Request))
#24 C:\\xampp\\htdocs\\casaOrientaNew\\vendor\\laravel\\framework\\src\\Illuminate\\Foundation\\Http\\Kernel.php(201): Illuminate\\Routing\\Router->dispatch(Object(Illuminate\\Http\\Request))
#25 C:\\xampp\\htdocs\\casaOrientaNew\\vendor\\laravel\\framework\\src\\Illuminate\\Pipeline\\Pipeline.php(144): Illuminate\\Foundation\\Http\\Kernel->Illuminate\\Foundation\\Http\\{closure}(Object(Illuminate\\Http\\Request))
#26 C:\\xampp\\htdocs\\casaOrientaNew\\vendor\\laravel\\framework\\src\\Illuminate\\Foundation\\Http\\Middleware\\TransformsRequest.php(21): Illuminate\\Pipeline\\Pipeline->Illuminate\\Pipeline\\{closure}(Object(Illuminate\\Http\\Request))
#27 C:\\xampp\\htdocs\\casaOrientaNew\\vendor\\laravel\\framework\\src\\Illuminate\\Foundation\\Http\\Middleware\\ConvertEmptyStringsToNull.php(31): Illuminate\\Foundation\\Http\\Middleware\\TransformsRequest->handle(Object(Illuminate\\Http\\Request), Object(Closure))
#28 C:\\xampp\\htdocs\\casaOrientaNew\\vendor\\laravel\\framework\\src\\Illuminate\\Pipeline\\Pipeline.php(183): Illuminate\\Foundation\\Http\\Middleware\\ConvertEmptyStringsToNull->handle(Object(Illuminate\\Http\\Request), Object(Closure))
#29 C:\\xampp\\htdocs\\casaOrientaNew\\vendor\\laravel\\framework\\src\\Illuminate\\Foundation\\Http\\Middleware\\TransformsRequest.php(21): Illuminate\\Pipeline\\Pipeline->Illuminate\\Pipeline\\{closure}(Object(Illuminate\\Http\\Request))
#30 C:\\xampp\\htdocs\\casaOrientaNew\\vendor\\laravel\\framework\\src\\Illuminate\\Foundation\\Http\\Middleware\\TrimStrings.php(51): Illuminate\\Foundation\\Http\\Middleware\\TransformsRequest->handle(Object(Illuminate\\Http\\Request), Object(Closure))
#31 C:\\xampp\\htdocs\\casaOrientaNew\\vendor\\laravel\\framework\\src\\Illuminate\\Pipeline\\Pipeline.php(183): Illuminate\\Foundation\\Http\\Middleware\\TrimStrings->handle(Object(Illuminate\\Http\\Request), Object(Closure))
#32 C:\\xampp\\htdocs\\casaOrientaNew\\vendor\\laravel\\framework\\src\\Illuminate\\Http\\Middleware\\ValidatePostSize.php(27): Illuminate\\Pipeline\\Pipeline->Illuminate\\Pipeline\\{closure}(Object(Illuminate\\Http\\Request))
#33 C:\\xampp\\htdocs\\casaOrientaNew\\vendor\\laravel\\framework\\src\\Illuminate\\Pipeline\\Pipeline.php(183): Illuminate\\Http\\Middleware\\ValidatePostSize->handle(Object(Illuminate\\Http\\Request), Object(Closure))
#34 C:\\xampp\\htdocs\\casaOrientaNew\\vendor\\laravel\\framework\\src\\Illuminate\\Foundation\\Http\\Middleware\\PreventRequestsDuringMaintenance.php(110): Illuminate\\Pipeline\\Pipeline->Illuminate\\Pipeline\\{closure}(Object(Illuminate\\Http\\Request))
#35 C:\\xampp\\htdocs\\casaOrientaNew\\vendor\\laravel\\framework\\src\\Illuminate\\Pipeline\\Pipeline.php(183): Illuminate\\Foundation\\Http\\Middleware\\PreventRequestsDuringMaintenance->handle(Object(Illuminate\\Http\\Request), Object(Closure))
#36 C:\\xampp\\htdocs\\casaOrientaNew\\vendor\\laravel\\framework\\src\\Illuminate\\Http\\Middleware\\HandleCors.php(49): Illuminate\\Pipeline\\Pipeline->Illuminate\\Pipeline\\{closure}(Object(Illuminate\\Http\\Request))
#37 C:\\xampp\\htdocs\\casaOrientaNew\\vendor\\laravel\\framework\\src\\Illuminate\\Pipeline\\Pipeline.php(183): Illuminate\\Http\\Middleware\\HandleCors->handle(Object(Illuminate\\Http\\Request), Object(Closure))
#38 C:\\xampp\\htdocs\\casaOrientaNew\\vendor\\laravel\\framework\\src\\Illuminate\\Http\\Middleware\\TrustProxies.php(58): Illuminate\\Pipeline\\Pipeline->Illuminate\\Pipeline\\{closure}(Object(Illuminate\\Http\\Request))
#39 C:\\xampp\\htdocs\\casaOrientaNew\\vendor\\laravel\\framework\\src\\Illuminate\\Pipeline\\Pipeline.php(183): Illuminate\\Http\\Middleware\\TrustProxies->handle(Object(Illuminate\\Http\\Request), Object(Closure))
#40 C:\\xampp\\htdocs\\casaOrientaNew\\vendor\\laravel\\framework\\src\\Illuminate\\Pipeline\\Pipeline.php(119): Illuminate\\Pipeline\\Pipeline->Illuminate\\Pipeline\\{closure}(Object(Illuminate\\Http\\Request))
#41 C:\\xampp\\htdocs\\casaOrientaNew\\vendor\\laravel\\framework\\src\\Illuminate\\Foundation\\Http\\Kernel.php(176): Illuminate\\Pipeline\\Pipeline->then(Object(Closure))
#42 C:\\xampp\\htdocs\\casaOrientaNew\\vendor\\laravel\\framework\\src\\Illuminate\\Foundation\\Http\\Kernel.php(145): Illuminate\\Foundation\\Http\\Kernel->sendRequestThroughRouter(Object(Illuminate\\Http\\Request))
#43 C:\\xampp\\htdocs\\casaOrientaNew\\public\\index.php(54): Illuminate\\Foundation\\Http\\Kernel->handle(Object(Illuminate\\Http\\Request))
#44 C:\\xampp\\htdocs\\casaOrientaNew\\server.php(21): require_once('C:\\\\xampp\\\\htdocs...')
#45 {main}
"} 
[2024-12-26 11:56:58] local.ERROR: Class "App\Categorias" not found {"exception":"[object] (Error(code: 0): Class \"App\\Categorias\" not found at C:\\xampp\\htdocs\\casaOrientaNew\\app\\Http\\Controllers\\ArticulosController.php:22)
[stacktrace]
#0 C:\\xampp\\htdocs\\casaOrientaNew\\vendor\\laravel\\framework\\src\\Illuminate\\Routing\\Controller.php(54): App\\Http\\Controllers\\ArticulosController->articulos()
#1 C:\\xampp\\htdocs\\casaOrientaNew\\vendor\\laravel\\framework\\src\\Illuminate\\Routing\\ControllerDispatcher.php(43): Illuminate\\Routing\\Controller->callAction('articulos', Array)
#2 C:\\xampp\\htdocs\\casaOrientaNew\\vendor\\laravel\\framework\\src\\Illuminate\\Routing\\Route.php(264): Illuminate\\Routing\\ControllerDispatcher->dispatch(Object(Illuminate\\Routing\\Route), Object(App\\Http\\Controllers\\ArticulosController), 'articulos')
#3 C:\\xampp\\htdocs\\casaOrientaNew\\vendor\\laravel\\framework\\src\\Illuminate\\Routing\\Route.php(210): Illuminate\\Routing\\Route->runController()
#4 C:\\xampp\\htdocs\\casaOrientaNew\\vendor\\laravel\\framework\\src\\Illuminate\\Routing\\Router.php(808): Illuminate\\Routing\\Route->run()
#5 C:\\xampp\\htdocs\\casaOrientaNew\\vendor\\laravel\\framework\\src\\Illuminate\\Pipeline\\Pipeline.php(144): Illuminate\\Routing\\Router->Illuminate\\Routing\\{closure}(Object(Illuminate\\Http\\Request))
#6 C:\\xampp\\htdocs\\casaOrientaNew\\vendor\\laravel\\framework\\src\\Illuminate\\Routing\\Middleware\\SubstituteBindings.php(51): Illuminate\\Pipeline\\Pipeline->Illuminate\\Pipeline\\{closure}(Object(Illuminate\\Http\\Request))
#7 C:\\xampp\\htdocs\\casaOrientaNew\\vendor\\laravel\\framework\\src\\Illuminate\\Pipeline\\Pipeline.php(183): Illuminate\\Routing\\Middleware\\SubstituteBindings->handle(Object(Illuminate\\Http\\Request), Object(Closure))
#8 C:\\xampp\\htdocs\\casaOrientaNew\\vendor\\laravel\\framework\\src\\Illuminate\\Foundation\\Http\\Middleware\\VerifyCsrfToken.php(88): Illuminate\\Pipeline\\Pipeline->Illuminate\\Pipeline\\{closure}(Object(Illuminate\\Http\\Request))
#9 C:\\xampp\\htdocs\\casaOrientaNew\\vendor\\laravel\\framework\\src\\Illuminate\\Pipeline\\Pipeline.php(183): Illuminate\\Foundation\\Http\\Middleware\\VerifyCsrfToken->handle(Object(Illuminate\\Http\\Request), Object(Closure))
#10 C:\\xampp\\htdocs\\casaOrientaNew\\vendor\\laravel\\framework\\src\\Illuminate\\View\\Middleware\\ShareErrorsFromSession.php(49): Illuminate\\Pipeline\\Pipeline->Illuminate\\Pipeline\\{closure}(Object(Illuminate\\Http\\Request))
#11 C:\\xampp\\htdocs\\casaOrientaNew\\vendor\\laravel\\framework\\src\\Illuminate\\Pipeline\\Pipeline.php(183): Illuminate\\View\\Middleware\\ShareErrorsFromSession->handle(Object(Illuminate\\Http\\Request), Object(Closure))
#12 C:\\xampp\\htdocs\\casaOrientaNew\\vendor\\laravel\\framework\\src\\Illuminate\\Session\\Middleware\\StartSession.php(121): Illuminate\\Pipeline\\Pipeline->Illuminate\\Pipeline\\{closure}(Object(Illuminate\\Http\\Request))
#13 C:\\xampp\\htdocs\\casaOrientaNew\\vendor\\laravel\\framework\\src\\Illuminate\\Session\\Middleware\\StartSession.php(64): Illuminate\\Session\\Middleware\\StartSession->handleStatefulRequest(Object(Illuminate\\Http\\Request), Object(Illuminate\\Session\\Store), Object(Closure))
#14 C:\\xampp\\htdocs\\casaOrientaNew\\vendor\\laravel\\framework\\src\\Illuminate\\Pipeline\\Pipeline.php(183): Illuminate\\Session\\Middleware\\StartSession->handle(Object(Illuminate\\Http\\Request), Object(Closure))
#15 C:\\xampp\\htdocs\\casaOrientaNew\\vendor\\laravel\\framework\\src\\Illuminate\\Cookie\\Middleware\\AddQueuedCookiesToResponse.php(37): Illuminate\\Pipeline\\Pipeline->Illuminate\\Pipeline\\{closure}(Object(Illuminate\\Http\\Request))
#16 C:\\xampp\\htdocs\\casaOrientaNew\\vendor\\laravel\\framework\\src\\Illuminate\\Pipeline\\Pipeline.php(183): Illuminate\\Cookie\\Middleware\\AddQueuedCookiesToResponse->handle(Object(Illuminate\\Http\\Request), Object(Closure))
#17 C:\\xampp\\htdocs\\casaOrientaNew\\vendor\\laravel\\framework\\src\\Illuminate\\Cookie\\Middleware\\EncryptCookies.php(75): Illuminate\\Pipeline\\Pipeline->Illuminate\\Pipeline\\{closure}(Object(Illuminate\\Http\\Request))
#18 C:\\xampp\\htdocs\\casaOrientaNew\\vendor\\laravel\\framework\\src\\Illuminate\\Pipeline\\Pipeline.php(183): Illuminate\\Cookie\\Middleware\\EncryptCookies->handle(Object(Illuminate\\Http\\Request), Object(Closure))
#19 C:\\xampp\\htdocs\\casaOrientaNew\\vendor\\laravel\\framework\\src\\Illuminate\\Pipeline\\Pipeline.php(119): Illuminate\\Pipeline\\Pipeline->Illuminate\\Pipeline\\{closure}(Object(Illuminate\\Http\\Request))
#20 C:\\xampp\\htdocs\\casaOrientaNew\\vendor\\laravel\\framework\\src\\Illuminate\\Routing\\Router.php(807): Illuminate\\Pipeline\\Pipeline->then(Object(Closure))
#21 C:\\xampp\\htdocs\\casaOrientaNew\\vendor\\laravel\\framework\\src\\Illuminate\\Routing\\Router.php(786): Illuminate\\Routing\\Router->runRouteWithinStack(Object(Illuminate\\Routing\\Route), Object(Illuminate\\Http\\Request))
#22 C:\\xampp\\htdocs\\casaOrientaNew\\vendor\\laravel\\framework\\src\\Illuminate\\Routing\\Router.php(750): Illuminate\\Routing\\Router->runRoute(Object(Illuminate\\Http\\Request), Object(Illuminate\\Routing\\Route))
#23 C:\\xampp\\htdocs\\casaOrientaNew\\vendor\\laravel\\framework\\src\\Illuminate\\Routing\\Router.php(739): Illuminate\\Routing\\Router->dispatchToRoute(Object(Illuminate\\Http\\Request))
#24 C:\\xampp\\htdocs\\casaOrientaNew\\vendor\\laravel\\framework\\src\\Illuminate\\Foundation\\Http\\Kernel.php(201): Illuminate\\Routing\\Router->dispatch(Object(Illuminate\\Http\\Request))
#25 C:\\xampp\\htdocs\\casaOrientaNew\\vendor\\laravel\\framework\\src\\Illuminate\\Pipeline\\Pipeline.php(144): Illuminate\\Foundation\\Http\\Kernel->Illuminate\\Foundation\\Http\\{closure}(Object(Illuminate\\Http\\Request))
#26 C:\\xampp\\htdocs\\casaOrientaNew\\vendor\\laravel\\framework\\src\\Illuminate\\Foundation\\Http\\Middleware\\TransformsRequest.php(21): Illuminate\\Pipeline\\Pipeline->Illuminate\\Pipeline\\{closure}(Object(Illuminate\\Http\\Request))
#27 C:\\xampp\\htdocs\\casaOrientaNew\\vendor\\laravel\\framework\\src\\Illuminate\\Foundation\\Http\\Middleware\\ConvertEmptyStringsToNull.php(31): Illuminate\\Foundation\\Http\\Middleware\\TransformsRequest->handle(Object(Illuminate\\Http\\Request), Object(Closure))
#28 C:\\xampp\\htdocs\\casaOrientaNew\\vendor\\laravel\\framework\\src\\Illuminate\\Pipeline\\Pipeline.php(183): Illuminate\\Foundation\\Http\\Middleware\\ConvertEmptyStringsToNull->handle(Object(Illuminate\\Http\\Request), Object(Closure))
#29 C:\\xampp\\htdocs\\casaOrientaNew\\vendor\\laravel\\framework\\src\\Illuminate\\Foundation\\Http\\Middleware\\TransformsRequest.php(21): Illuminate\\Pipeline\\Pipeline->Illuminate\\Pipeline\\{closure}(Object(Illuminate\\Http\\Request))
#30 C:\\xampp\\htdocs\\casaOrientaNew\\vendor\\laravel\\framework\\src\\Illuminate\\Foundation\\Http\\Middleware\\TrimStrings.php(51): Illuminate\\Foundation\\Http\\Middleware\\TransformsRequest->handle(Object(Illuminate\\Http\\Request), Object(Closure))
#31 C:\\xampp\\htdocs\\casaOrientaNew\\vendor\\laravel\\framework\\src\\Illuminate\\Pipeline\\Pipeline.php(183): Illuminate\\Foundation\\Http\\Middleware\\TrimStrings->handle(Object(Illuminate\\Http\\Request), Object(Closure))
#32 C:\\xampp\\htdocs\\casaOrientaNew\\vendor\\laravel\\framework\\src\\Illuminate\\Http\\Middleware\\ValidatePostSize.php(27): Illuminate\\Pipeline\\Pipeline->Illuminate\\Pipeline\\{closure}(Object(Illuminate\\Http\\Request))
#33 C:\\xampp\\htdocs\\casaOrientaNew\\vendor\\laravel\\framework\\src\\Illuminate\\Pipeline\\Pipeline.php(183): Illuminate\\Http\\Middleware\\ValidatePostSize->handle(Object(Illuminate\\Http\\Request), Object(Closure))
#34 C:\\xampp\\htdocs\\casaOrientaNew\\vendor\\laravel\\framework\\src\\Illuminate\\Foundation\\Http\\Middleware\\PreventRequestsDuringMaintenance.php(110): Illuminate\\Pipeline\\Pipeline->Illuminate\\Pipeline\\{closure}(Object(Illuminate\\Http\\Request))
#35 C:\\xampp\\htdocs\\casaOrientaNew\\vendor\\laravel\\framework\\src\\Illuminate\\Pipeline\\Pipeline.php(183): Illuminate\\Foundation\\Http\\Middleware\\PreventRequestsDuringMaintenance->handle(Object(Illuminate\\Http\\Request), Object(Closure))
#36 C:\\xampp\\htdocs\\casaOrientaNew\\vendor\\laravel\\framework\\src\\Illuminate\\Http\\Middleware\\HandleCors.php(49): Illuminate\\Pipeline\\Pipeline->Illuminate\\Pipeline\\{closure}(Object(Illuminate\\Http\\Request))
#37 C:\\xampp\\htdocs\\casaOrientaNew\\vendor\\laravel\\framework\\src\\Illuminate\\Pipeline\\Pipeline.php(183): Illuminate\\Http\\Middleware\\HandleCors->handle(Object(Illuminate\\Http\\Request), Object(Closure))
#38 C:\\xampp\\htdocs\\casaOrientaNew\\vendor\\laravel\\framework\\src\\Illuminate\\Http\\Middleware\\TrustProxies.php(58): Illuminate\\Pipeline\\Pipeline->Illuminate\\Pipeline\\{closure}(Object(Illuminate\\Http\\Request))
#39 C:\\xampp\\htdocs\\casaOrientaNew\\vendor\\laravel\\framework\\src\\Illuminate\\Pipeline\\Pipeline.php(183): Illuminate\\Http\\Middleware\\TrustProxies->handle(Object(Illuminate\\Http\\Request), Object(Closure))
#40 C:\\xampp\\htdocs\\casaOrientaNew\\vendor\\laravel\\framework\\src\\Illuminate\\Pipeline\\Pipeline.php(119): Illuminate\\Pipeline\\Pipeline->Illuminate\\Pipeline\\{closure}(Object(Illuminate\\Http\\Request))
#41 C:\\xampp\\htdocs\\casaOrientaNew\\vendor\\laravel\\framework\\src\\Illuminate\\Foundation\\Http\\Kernel.php(176): Illuminate\\Pipeline\\Pipeline->then(Object(Closure))
#42 C:\\xampp\\htdocs\\casaOrientaNew\\vendor\\laravel\\framework\\src\\Illuminate\\Foundation\\Http\\Kernel.php(145): Illuminate\\Foundation\\Http\\Kernel->sendRequestThroughRouter(Object(Illuminate\\Http\\Request))
#43 C:\\xampp\\htdocs\\casaOrientaNew\\public\\index.php(54): Illuminate\\Foundation\\Http\\Kernel->handle(Object(Illuminate\\Http\\Request))
#44 C:\\xampp\\htdocs\\casaOrientaNew\\server.php(21): require_once('C:\\\\xampp\\\\htdocs...')
#45 {main}
"} 
[2024-12-26 12:16:38] local.ERROR: Attempt to read property "perfil_id" on null {"exception":"[object] (ErrorException(code: 0): Attempt to read property \"perfil_id\" on null at C:\\xampp\\htdocs\\casaOrientaNew\\app\\Http\\Controllers\\ArticulosController.php:34)
[stacktrace]
#0 C:\\xampp\\htdocs\\casaOrientaNew\\vendor\\laravel\\framework\\src\\Illuminate\\Foundation\\Bootstrap\\HandleExceptions.php(256): Illuminate\\Foundation\\Bootstrap\\HandleExceptions->handleError(2, 'Attempt to read...', 'C:\\\\xampp\\\\htdocs...', 34)
#1 C:\\xampp\\htdocs\\casaOrientaNew\\app\\Http\\Controllers\\ArticulosController.php(34): Illuminate\\Foundation\\Bootstrap\\HandleExceptions->Illuminate\\Foundation\\Bootstrap\\{closure}(2, 'Attempt to read...', 'C:\\\\xampp\\\\htdocs...', 34)
#2 C:\\xampp\\htdocs\\casaOrientaNew\\vendor\\laravel\\framework\\src\\Illuminate\\Routing\\Controller.php(54): App\\Http\\Controllers\\ArticulosController->articulos()
#3 C:\\xampp\\htdocs\\casaOrientaNew\\vendor\\laravel\\framework\\src\\Illuminate\\Routing\\ControllerDispatcher.php(43): Illuminate\\Routing\\Controller->callAction('articulos', Array)
#4 C:\\xampp\\htdocs\\casaOrientaNew\\vendor\\laravel\\framework\\src\\Illuminate\\Routing\\Route.php(264): Illuminate\\Routing\\ControllerDispatcher->dispatch(Object(Illuminate\\Routing\\Route), Object(App\\Http\\Controllers\\ArticulosController), 'articulos')
#5 C:\\xampp\\htdocs\\casaOrientaNew\\vendor\\laravel\\framework\\src\\Illuminate\\Routing\\Route.php(210): Illuminate\\Routing\\Route->runController()
#6 C:\\xampp\\htdocs\\casaOrientaNew\\vendor\\laravel\\framework\\src\\Illuminate\\Routing\\Router.php(808): Illuminate\\Routing\\Route->run()
#7 C:\\xampp\\htdocs\\casaOrientaNew\\vendor\\laravel\\framework\\src\\Illuminate\\Pipeline\\Pipeline.php(144): Illuminate\\Routing\\Router->Illuminate\\Routing\\{closure}(Object(Illuminate\\Http\\Request))
#8 C:\\xampp\\htdocs\\casaOrientaNew\\vendor\\laravel\\framework\\src\\Illuminate\\Routing\\Middleware\\SubstituteBindings.php(51): Illuminate\\Pipeline\\Pipeline->Illuminate\\Pipeline\\{closure}(Object(Illuminate\\Http\\Request))
#9 C:\\xampp\\htdocs\\casaOrientaNew\\vendor\\laravel\\framework\\src\\Illuminate\\Pipeline\\Pipeline.php(183): Illuminate\\Routing\\Middleware\\SubstituteBindings->handle(Object(Illuminate\\Http\\Request), Object(Closure))
#10 C:\\xampp\\htdocs\\casaOrientaNew\\vendor\\laravel\\framework\\src\\Illuminate\\Foundation\\Http\\Middleware\\VerifyCsrfToken.php(88): Illuminate\\Pipeline\\Pipeline->Illuminate\\Pipeline\\{closure}(Object(Illuminate\\Http\\Request))
#11 C:\\xampp\\htdocs\\casaOrientaNew\\vendor\\laravel\\framework\\src\\Illuminate\\Pipeline\\Pipeline.php(183): Illuminate\\Foundation\\Http\\Middleware\\VerifyCsrfToken->handle(Object(Illuminate\\Http\\Request), Object(Closure))
#12 C:\\xampp\\htdocs\\casaOrientaNew\\vendor\\laravel\\framework\\src\\Illuminate\\View\\Middleware\\ShareErrorsFromSession.php(49): Illuminate\\Pipeline\\Pipeline->Illuminate\\Pipeline\\{closure}(Object(Illuminate\\Http\\Request))
#13 C:\\xampp\\htdocs\\casaOrientaNew\\vendor\\laravel\\framework\\src\\Illuminate\\Pipeline\\Pipeline.php(183): Illuminate\\View\\Middleware\\ShareErrorsFromSession->handle(Object(Illuminate\\Http\\Request), Object(Closure))
#14 C:\\xampp\\htdocs\\casaOrientaNew\\vendor\\laravel\\framework\\src\\Illuminate\\Session\\Middleware\\StartSession.php(121): Illuminate\\Pipeline\\Pipeline->Illuminate\\Pipeline\\{closure}(Object(Illuminate\\Http\\Request))
#15 C:\\xampp\\htdocs\\casaOrientaNew\\vendor\\laravel\\framework\\src\\Illuminate\\Session\\Middleware\\StartSession.php(64): Illuminate\\Session\\Middleware\\StartSession->handleStatefulRequest(Object(Illuminate\\Http\\Request), Object(Illuminate\\Session\\Store), Object(Closure))
#16 C:\\xampp\\htdocs\\casaOrientaNew\\vendor\\laravel\\framework\\src\\Illuminate\\Pipeline\\Pipeline.php(183): Illuminate\\Session\\Middleware\\StartSession->handle(Object(Illuminate\\Http\\Request), Object(Closure))
#17 C:\\xampp\\htdocs\\casaOrientaNew\\vendor\\laravel\\framework\\src\\Illuminate\\Cookie\\Middleware\\AddQueuedCookiesToResponse.php(37): Illuminate\\Pipeline\\Pipeline->Illuminate\\Pipeline\\{closure}(Object(Illuminate\\Http\\Request))
#18 C:\\xampp\\htdocs\\casaOrientaNew\\vendor\\laravel\\framework\\src\\Illuminate\\Pipeline\\Pipeline.php(183): Illuminate\\Cookie\\Middleware\\AddQueuedCookiesToResponse->handle(Object(Illuminate\\Http\\Request), Object(Closure))
#19 C:\\xampp\\htdocs\\casaOrientaNew\\vendor\\laravel\\framework\\src\\Illuminate\\Cookie\\Middleware\\EncryptCookies.php(75): Illuminate\\Pipeline\\Pipeline->Illuminate\\Pipeline\\{closure}(Object(Illuminate\\Http\\Request))
#20 C:\\xampp\\htdocs\\casaOrientaNew\\vendor\\laravel\\framework\\src\\Illuminate\\Pipeline\\Pipeline.php(183): Illuminate\\Cookie\\Middleware\\EncryptCookies->handle(Object(Illuminate\\Http\\Request), Object(Closure))
#21 C:\\xampp\\htdocs\\casaOrientaNew\\vendor\\laravel\\framework\\src\\Illuminate\\Pipeline\\Pipeline.php(119): Illuminate\\Pipeline\\Pipeline->Illuminate\\Pipeline\\{closure}(Object(Illuminate\\Http\\Request))
#22 C:\\xampp\\htdocs\\casaOrientaNew\\vendor\\laravel\\framework\\src\\Illuminate\\Routing\\Router.php(807): Illuminate\\Pipeline\\Pipeline->then(Object(Closure))
#23 C:\\xampp\\htdocs\\casaOrientaNew\\vendor\\laravel\\framework\\src\\Illuminate\\Routing\\Router.php(786): Illuminate\\Routing\\Router->runRouteWithinStack(Object(Illuminate\\Routing\\Route), Object(Illuminate\\Http\\Request))
#24 C:\\xampp\\htdocs\\casaOrientaNew\\vendor\\laravel\\framework\\src\\Illuminate\\Routing\\Router.php(750): Illuminate\\Routing\\Router->runRoute(Object(Illuminate\\Http\\Request), Object(Illuminate\\Routing\\Route))
#25 C:\\xampp\\htdocs\\casaOrientaNew\\vendor\\laravel\\framework\\src\\Illuminate\\Routing\\Router.php(739): Illuminate\\Routing\\Router->dispatchToRoute(Object(Illuminate\\Http\\Request))
#26 C:\\xampp\\htdocs\\casaOrientaNew\\vendor\\laravel\\framework\\src\\Illuminate\\Foundation\\Http\\Kernel.php(201): Illuminate\\Routing\\Router->dispatch(Object(Illuminate\\Http\\Request))
#27 C:\\xampp\\htdocs\\casaOrientaNew\\vendor\\laravel\\framework\\src\\Illuminate\\Pipeline\\Pipeline.php(144): Illuminate\\Foundation\\Http\\Kernel->Illuminate\\Foundation\\Http\\{closure}(Object(Illuminate\\Http\\Request))
#28 C:\\xampp\\htdocs\\casaOrientaNew\\vendor\\laravel\\framework\\src\\Illuminate\\Foundation\\Http\\Middleware\\TransformsRequest.php(21): Illuminate\\Pipeline\\Pipeline->Illuminate\\Pipeline\\{closure}(Object(Illuminate\\Http\\Request))
#29 C:\\xampp\\htdocs\\casaOrientaNew\\vendor\\laravel\\framework\\src\\Illuminate\\Foundation\\Http\\Middleware\\ConvertEmptyStringsToNull.php(31): Illuminate\\Foundation\\Http\\Middleware\\TransformsRequest->handle(Object(Illuminate\\Http\\Request), Object(Closure))
#30 C:\\xampp\\htdocs\\casaOrientaNew\\vendor\\laravel\\framework\\src\\Illuminate\\Pipeline\\Pipeline.php(183): Illuminate\\Foundation\\Http\\Middleware\\ConvertEmptyStringsToNull->handle(Object(Illuminate\\Http\\Request), Object(Closure))
#31 C:\\xampp\\htdocs\\casaOrientaNew\\vendor\\laravel\\framework\\src\\Illuminate\\Foundation\\Http\\Middleware\\TransformsRequest.php(21): Illuminate\\Pipeline\\Pipeline->Illuminate\\Pipeline\\{closure}(Object(Illuminate\\Http\\Request))
#32 C:\\xampp\\htdocs\\casaOrientaNew\\vendor\\laravel\\framework\\src\\Illuminate\\Foundation\\Http\\Middleware\\TrimStrings.php(51): Illuminate\\Foundation\\Http\\Middleware\\TransformsRequest->handle(Object(Illuminate\\Http\\Request), Object(Closure))
#33 C:\\xampp\\htdocs\\casaOrientaNew\\vendor\\laravel\\framework\\src\\Illuminate\\Pipeline\\Pipeline.php(183): Illuminate\\Foundation\\Http\\Middleware\\TrimStrings->handle(Object(Illuminate\\Http\\Request), Object(Closure))
#34 C:\\xampp\\htdocs\\casaOrientaNew\\vendor\\laravel\\framework\\src\\Illuminate\\Http\\Middleware\\ValidatePostSize.php(27): Illuminate\\Pipeline\\Pipeline->Illuminate\\Pipeline\\{closure}(Object(Illuminate\\Http\\Request))
#35 C:\\xampp\\htdocs\\casaOrientaNew\\vendor\\laravel\\framework\\src\\Illuminate\\Pipeline\\Pipeline.php(183): Illuminate\\Http\\Middleware\\ValidatePostSize->handle(Object(Illuminate\\Http\\Request), Object(Closure))
#36 C:\\xampp\\htdocs\\casaOrientaNew\\vendor\\laravel\\framework\\src\\Illuminate\\Foundation\\Http\\Middleware\\PreventRequestsDuringMaintenance.php(110): Illuminate\\Pipeline\\Pipeline->Illuminate\\Pipeline\\{closure}(Object(Illuminate\\Http\\Request))
#37 C:\\xampp\\htdocs\\casaOrientaNew\\vendor\\laravel\\framework\\src\\Illuminate\\Pipeline\\Pipeline.php(183): Illuminate\\Foundation\\Http\\Middleware\\PreventRequestsDuringMaintenance->handle(Object(Illuminate\\Http\\Request), Object(Closure))
#38 C:\\xampp\\htdocs\\casaOrientaNew\\vendor\\laravel\\framework\\src\\Illuminate\\Http\\Middleware\\HandleCors.php(49): Illuminate\\Pipeline\\Pipeline->Illuminate\\Pipeline\\{closure}(Object(Illuminate\\Http\\Request))
#39 C:\\xampp\\htdocs\\casaOrientaNew\\vendor\\laravel\\framework\\src\\Illuminate\\Pipeline\\Pipeline.php(183): Illuminate\\Http\\Middleware\\HandleCors->handle(Object(Illuminate\\Http\\Request), Object(Closure))
#40 C:\\xampp\\htdocs\\casaOrientaNew\\vendor\\laravel\\framework\\src\\Illuminate\\Http\\Middleware\\TrustProxies.php(58): Illuminate\\Pipeline\\Pipeline->Illuminate\\Pipeline\\{closure}(Object(Illuminate\\Http\\Request))
#41 C:\\xampp\\htdocs\\casaOrientaNew\\vendor\\laravel\\framework\\src\\Illuminate\\Pipeline\\Pipeline.php(183): Illuminate\\Http\\Middleware\\TrustProxies->handle(Object(Illuminate\\Http\\Request), Object(Closure))
#42 C:\\xampp\\htdocs\\casaOrientaNew\\vendor\\laravel\\framework\\src\\Illuminate\\Pipeline\\Pipeline.php(119): Illuminate\\Pipeline\\Pipeline->Illuminate\\Pipeline\\{closure}(Object(Illuminate\\Http\\Request))
#43 C:\\xampp\\htdocs\\casaOrientaNew\\vendor\\laravel\\framework\\src\\Illuminate\\Foundation\\Http\\Kernel.php(176): Illuminate\\Pipeline\\Pipeline->then(Object(Closure))
#44 C:\\xampp\\htdocs\\casaOrientaNew\\vendor\\laravel\\framework\\src\\Illuminate\\Foundation\\Http\\Kernel.php(145): Illuminate\\Foundation\\Http\\Kernel->sendRequestThroughRouter(Object(Illuminate\\Http\\Request))
#45 C:\\xampp\\htdocs\\casaOrientaNew\\public\\index.php(54): Illuminate\\Foundation\\Http\\Kernel->handle(Object(Illuminate\\Http\\Request))
#46 C:\\xampp\\htdocs\\casaOrientaNew\\server.php(21): require_once('C:\\\\xampp\\\\htdocs...')
#47 {main}
"} 
[2024-12-26 12:17:30] local.ERROR: Attempt to read property "perfil_id" on null {"exception":"[object] (ErrorException(code: 0): Attempt to read property \"perfil_id\" on null at C:\\xampp\\htdocs\\casaOrientaNew\\app\\Http\\Controllers\\ArticulosController.php:22)
[stacktrace]
#0 C:\\xampp\\htdocs\\casaOrientaNew\\vendor\\laravel\\framework\\src\\Illuminate\\Foundation\\Bootstrap\\HandleExceptions.php(256): Illuminate\\Foundation\\Bootstrap\\HandleExceptions->handleError(2, 'Attempt to read...', 'C:\\\\xampp\\\\htdocs...', 22)
#1 C:\\xampp\\htdocs\\casaOrientaNew\\app\\Http\\Controllers\\ArticulosController.php(22): Illuminate\\Foundation\\Bootstrap\\HandleExceptions->Illuminate\\Foundation\\Bootstrap\\{closure}(2, 'Attempt to read...', 'C:\\\\xampp\\\\htdocs...', 22)
#2 C:\\xampp\\htdocs\\casaOrientaNew\\vendor\\laravel\\framework\\src\\Illuminate\\Routing\\Controller.php(54): App\\Http\\Controllers\\ArticulosController->articulos()
#3 C:\\xampp\\htdocs\\casaOrientaNew\\vendor\\laravel\\framework\\src\\Illuminate\\Routing\\ControllerDispatcher.php(43): Illuminate\\Routing\\Controller->callAction('articulos', Array)
#4 C:\\xampp\\htdocs\\casaOrientaNew\\vendor\\laravel\\framework\\src\\Illuminate\\Routing\\Route.php(264): Illuminate\\Routing\\ControllerDispatcher->dispatch(Object(Illuminate\\Routing\\Route), Object(App\\Http\\Controllers\\ArticulosController), 'articulos')
#5 C:\\xampp\\htdocs\\casaOrientaNew\\vendor\\laravel\\framework\\src\\Illuminate\\Routing\\Route.php(210): Illuminate\\Routing\\Route->runController()
#6 C:\\xampp\\htdocs\\casaOrientaNew\\vendor\\laravel\\framework\\src\\Illuminate\\Routing\\Router.php(808): Illuminate\\Routing\\Route->run()
#7 C:\\xampp\\htdocs\\casaOrientaNew\\vendor\\laravel\\framework\\src\\Illuminate\\Pipeline\\Pipeline.php(144): Illuminate\\Routing\\Router->Illuminate\\Routing\\{closure}(Object(Illuminate\\Http\\Request))
#8 C:\\xampp\\htdocs\\casaOrientaNew\\vendor\\laravel\\framework\\src\\Illuminate\\Routing\\Middleware\\SubstituteBindings.php(51): Illuminate\\Pipeline\\Pipeline->Illuminate\\Pipeline\\{closure}(Object(Illuminate\\Http\\Request))
#9 C:\\xampp\\htdocs\\casaOrientaNew\\vendor\\laravel\\framework\\src\\Illuminate\\Pipeline\\Pipeline.php(183): Illuminate\\Routing\\Middleware\\SubstituteBindings->handle(Object(Illuminate\\Http\\Request), Object(Closure))
#10 C:\\xampp\\htdocs\\casaOrientaNew\\vendor\\laravel\\framework\\src\\Illuminate\\Foundation\\Http\\Middleware\\VerifyCsrfToken.php(88): Illuminate\\Pipeline\\Pipeline->Illuminate\\Pipeline\\{closure}(Object(Illuminate\\Http\\Request))
#11 C:\\xampp\\htdocs\\casaOrientaNew\\vendor\\laravel\\framework\\src\\Illuminate\\Pipeline\\Pipeline.php(183): Illuminate\\Foundation\\Http\\Middleware\\VerifyCsrfToken->handle(Object(Illuminate\\Http\\Request), Object(Closure))
#12 C:\\xampp\\htdocs\\casaOrientaNew\\vendor\\laravel\\framework\\src\\Illuminate\\View\\Middleware\\ShareErrorsFromSession.php(49): Illuminate\\Pipeline\\Pipeline->Illuminate\\Pipeline\\{closure}(Object(Illuminate\\Http\\Request))
#13 C:\\xampp\\htdocs\\casaOrientaNew\\vendor\\laravel\\framework\\src\\Illuminate\\Pipeline\\Pipeline.php(183): Illuminate\\View\\Middleware\\ShareErrorsFromSession->handle(Object(Illuminate\\Http\\Request), Object(Closure))
#14 C:\\xampp\\htdocs\\casaOrientaNew\\vendor\\laravel\\framework\\src\\Illuminate\\Session\\Middleware\\StartSession.php(121): Illuminate\\Pipeline\\Pipeline->Illuminate\\Pipeline\\{closure}(Object(Illuminate\\Http\\Request))
#15 C:\\xampp\\htdocs\\casaOrientaNew\\vendor\\laravel\\framework\\src\\Illuminate\\Session\\Middleware\\StartSession.php(64): Illuminate\\Session\\Middleware\\StartSession->handleStatefulRequest(Object(Illuminate\\Http\\Request), Object(Illuminate\\Session\\Store), Object(Closure))
#16 C:\\xampp\\htdocs\\casaOrientaNew\\vendor\\laravel\\framework\\src\\Illuminate\\Pipeline\\Pipeline.php(183): Illuminate\\Session\\Middleware\\StartSession->handle(Object(Illuminate\\Http\\Request), Object(Closure))
#17 C:\\xampp\\htdocs\\casaOrientaNew\\vendor\\laravel\\framework\\src\\Illuminate\\Cookie\\Middleware\\AddQueuedCookiesToResponse.php(37): Illuminate\\Pipeline\\Pipeline->Illuminate\\Pipeline\\{closure}(Object(Illuminate\\Http\\Request))
#18 C:\\xampp\\htdocs\\casaOrientaNew\\vendor\\laravel\\framework\\src\\Illuminate\\Pipeline\\Pipeline.php(183): Illuminate\\Cookie\\Middleware\\AddQueuedCookiesToResponse->handle(Object(Illuminate\\Http\\Request), Object(Closure))
#19 C:\\xampp\\htdocs\\casaOrientaNew\\vendor\\laravel\\framework\\src\\Illuminate\\Cookie\\Middleware\\EncryptCookies.php(75): Illuminate\\Pipeline\\Pipeline->Illuminate\\Pipeline\\{closure}(Object(Illuminate\\Http\\Request))
#20 C:\\xampp\\htdocs\\casaOrientaNew\\vendor\\laravel\\framework\\src\\Illuminate\\Pipeline\\Pipeline.php(183): Illuminate\\Cookie\\Middleware\\EncryptCookies->handle(Object(Illuminate\\Http\\Request), Object(Closure))
#21 C:\\xampp\\htdocs\\casaOrientaNew\\vendor\\laravel\\framework\\src\\Illuminate\\Pipeline\\Pipeline.php(119): Illuminate\\Pipeline\\Pipeline->Illuminate\\Pipeline\\{closure}(Object(Illuminate\\Http\\Request))
#22 C:\\xampp\\htdocs\\casaOrientaNew\\vendor\\laravel\\framework\\src\\Illuminate\\Routing\\Router.php(807): Illuminate\\Pipeline\\Pipeline->then(Object(Closure))
#23 C:\\xampp\\htdocs\\casaOrientaNew\\vendor\\laravel\\framework\\src\\Illuminate\\Routing\\Router.php(786): Illuminate\\Routing\\Router->runRouteWithinStack(Object(Illuminate\\Routing\\Route), Object(Illuminate\\Http\\Request))
#24 C:\\xampp\\htdocs\\casaOrientaNew\\vendor\\laravel\\framework\\src\\Illuminate\\Routing\\Router.php(750): Illuminate\\Routing\\Router->runRoute(Object(Illuminate\\Http\\Request), Object(Illuminate\\Routing\\Route))
#25 C:\\xampp\\htdocs\\casaOrientaNew\\vendor\\laravel\\framework\\src\\Illuminate\\Routing\\Router.php(739): Illuminate\\Routing\\Router->dispatchToRoute(Object(Illuminate\\Http\\Request))
#26 C:\\xampp\\htdocs\\casaOrientaNew\\vendor\\laravel\\framework\\src\\Illuminate\\Foundation\\Http\\Kernel.php(201): Illuminate\\Routing\\Router->dispatch(Object(Illuminate\\Http\\Request))
#27 C:\\xampp\\htdocs\\casaOrientaNew\\vendor\\laravel\\framework\\src\\Illuminate\\Pipeline\\Pipeline.php(144): Illuminate\\Foundation\\Http\\Kernel->Illuminate\\Foundation\\Http\\{closure}(Object(Illuminate\\Http\\Request))
#28 C:\\xampp\\htdocs\\casaOrientaNew\\vendor\\laravel\\framework\\src\\Illuminate\\Foundation\\Http\\Middleware\\TransformsRequest.php(21): Illuminate\\Pipeline\\Pipeline->Illuminate\\Pipeline\\{closure}(Object(Illuminate\\Http\\Request))
#29 C:\\xampp\\htdocs\\casaOrientaNew\\vendor\\laravel\\framework\\src\\Illuminate\\Foundation\\Http\\Middleware\\ConvertEmptyStringsToNull.php(31): Illuminate\\Foundation\\Http\\Middleware\\TransformsRequest->handle(Object(Illuminate\\Http\\Request), Object(Closure))
#30 C:\\xampp\\htdocs\\casaOrientaNew\\vendor\\laravel\\framework\\src\\Illuminate\\Pipeline\\Pipeline.php(183): Illuminate\\Foundation\\Http\\Middleware\\ConvertEmptyStringsToNull->handle(Object(Illuminate\\Http\\Request), Object(Closure))
#31 C:\\xampp\\htdocs\\casaOrientaNew\\vendor\\laravel\\framework\\src\\Illuminate\\Foundation\\Http\\Middleware\\TransformsRequest.php(21): Illuminate\\Pipeline\\Pipeline->Illuminate\\Pipeline\\{closure}(Object(Illuminate\\Http\\Request))
#32 C:\\xampp\\htdocs\\casaOrientaNew\\vendor\\laravel\\framework\\src\\Illuminate\\Foundation\\Http\\Middleware\\TrimStrings.php(51): Illuminate\\Foundation\\Http\\Middleware\\TransformsRequest->handle(Object(Illuminate\\Http\\Request), Object(Closure))
#33 C:\\xampp\\htdocs\\casaOrientaNew\\vendor\\laravel\\framework\\src\\Illuminate\\Pipeline\\Pipeline.php(183): Illuminate\\Foundation\\Http\\Middleware\\TrimStrings->handle(Object(Illuminate\\Http\\Request), Object(Closure))
#34 C:\\xampp\\htdocs\\casaOrientaNew\\vendor\\laravel\\framework\\src\\Illuminate\\Http\\Middleware\\ValidatePostSize.php(27): Illuminate\\Pipeline\\Pipeline->Illuminate\\Pipeline\\{closure}(Object(Illuminate\\Http\\Request))
#35 C:\\xampp\\htdocs\\casaOrientaNew\\vendor\\laravel\\framework\\src\\Illuminate\\Pipeline\\Pipeline.php(183): Illuminate\\Http\\Middleware\\ValidatePostSize->handle(Object(Illuminate\\Http\\Request), Object(Closure))
#36 C:\\xampp\\htdocs\\casaOrientaNew\\vendor\\laravel\\framework\\src\\Illuminate\\Foundation\\Http\\Middleware\\PreventRequestsDuringMaintenance.php(110): Illuminate\\Pipeline\\Pipeline->Illuminate\\Pipeline\\{closure}(Object(Illuminate\\Http\\Request))
#37 C:\\xampp\\htdocs\\casaOrientaNew\\vendor\\laravel\\framework\\src\\Illuminate\\Pipeline\\Pipeline.php(183): Illuminate\\Foundation\\Http\\Middleware\\PreventRequestsDuringMaintenance->handle(Object(Illuminate\\Http\\Request), Object(Closure))
#38 C:\\xampp\\htdocs\\casaOrientaNew\\vendor\\laravel\\framework\\src\\Illuminate\\Http\\Middleware\\HandleCors.php(49): Illuminate\\Pipeline\\Pipeline->Illuminate\\Pipeline\\{closure}(Object(Illuminate\\Http\\Request))
#39 C:\\xampp\\htdocs\\casaOrientaNew\\vendor\\laravel\\framework\\src\\Illuminate\\Pipeline\\Pipeline.php(183): Illuminate\\Http\\Middleware\\HandleCors->handle(Object(Illuminate\\Http\\Request), Object(Closure))
#40 C:\\xampp\\htdocs\\casaOrientaNew\\vendor\\laravel\\framework\\src\\Illuminate\\Http\\Middleware\\TrustProxies.php(58): Illuminate\\Pipeline\\Pipeline->Illuminate\\Pipeline\\{closure}(Object(Illuminate\\Http\\Request))
#41 C:\\xampp\\htdocs\\casaOrientaNew\\vendor\\laravel\\framework\\src\\Illuminate\\Pipeline\\Pipeline.php(183): Illuminate\\Http\\Middleware\\TrustProxies->handle(Object(Illuminate\\Http\\Request), Object(Closure))
#42 C:\\xampp\\htdocs\\casaOrientaNew\\vendor\\laravel\\framework\\src\\Illuminate\\Pipeline\\Pipeline.php(119): Illuminate\\Pipeline\\Pipeline->Illuminate\\Pipeline\\{closure}(Object(Illuminate\\Http\\Request))
#43 C:\\xampp\\htdocs\\casaOrientaNew\\vendor\\laravel\\framework\\src\\Illuminate\\Foundation\\Http\\Kernel.php(176): Illuminate\\Pipeline\\Pipeline->then(Object(Closure))
#44 C:\\xampp\\htdocs\\casaOrientaNew\\vendor\\laravel\\framework\\src\\Illuminate\\Foundation\\Http\\Kernel.php(145): Illuminate\\Foundation\\Http\\Kernel->sendRequestThroughRouter(Object(Illuminate\\Http\\Request))
#45 C:\\xampp\\htdocs\\casaOrientaNew\\public\\index.php(54): Illuminate\\Foundation\\Http\\Kernel->handle(Object(Illuminate\\Http\\Request))
#46 C:\\xampp\\htdocs\\casaOrientaNew\\server.php(21): require_once('C:\\\\xampp\\\\htdocs...')
#47 {main}
"} 
[2024-12-26 12:42:21] local.INFO: {"id":19,"name":"Francisco Noceda (ADMIN)","ruc":"3813886-7","telefono":"0991747594","direccion":null,"email":"elo950@hotmail.com","ciudad_id":4,"direccion_delivery":null,"latitud":null,"longitud":null,"perfil":"admin","access_token":"$2y$10$3C7z\/WctXHuRvtUiR93Xv.pmQ5STlogYpD5D7i6euVdbAWlgb0Ugy","access_time":"2024-10-07 09:25:31","created_at":"2020-12-17T07:16:44.000000Z","updated_at":"2024-12-26T12:39:29.000000Z","deleted_at":null,"created_by":1,"updated_by":null,"deleted_by":null,"barrio_id":null,"user_access_id":null,"web":true,"delete_contra":null,"perfil_id":1,"empresa_id":null,"baja_token":null}  
[2024-12-26 12:43:19] local.INFO: {"id":19,"name":"Francisco Noceda (ADMIN)","ruc":"3813886-7","telefono":"0991747594","direccion":null,"email":"elo950@hotmail.com","ciudad_id":4,"direccion_delivery":null,"latitud":null,"longitud":null,"perfil":"admin","access_token":"$2y$10$3C7z\/WctXHuRvtUiR93Xv.pmQ5STlogYpD5D7i6euVdbAWlgb0Ugy","access_time":"2024-10-07 09:25:31","created_at":"2020-12-17T07:16:44.000000Z","updated_at":"2024-12-26T12:39:29.000000Z","deleted_at":null,"created_by":1,"updated_by":null,"deleted_by":null,"barrio_id":null,"user_access_id":null,"web":true,"delete_contra":null,"perfil_id":1,"empresa_id":null,"baja_token":null}  
[2024-12-26 12:46:07] local.INFO: {"id":19,"name":"Francisco Noceda (ADMIN)","ruc":"3813886-7","telefono":"0991747594","direccion":null,"email":"elo950@hotmail.com","ciudad_id":4,"direccion_delivery":null,"latitud":null,"longitud":null,"perfil":"admin","access_token":"$2y$10$3C7z\/WctXHuRvtUiR93Xv.pmQ5STlogYpD5D7i6euVdbAWlgb0Ugy","access_time":"2024-10-07 09:25:31","created_at":"2020-12-17T07:16:44.000000Z","updated_at":"2024-12-26T12:39:29.000000Z","deleted_at":null,"created_by":1,"updated_by":null,"deleted_by":null,"barrio_id":null,"user_access_id":null,"web":true,"delete_contra":null,"perfil_id":1,"empresa_id":null,"baja_token":null}  
[2024-12-26 12:53:42] local.INFO: {"id":19,"name":"Francisco Noceda (ADMIN)","ruc":"3813886-7","telefono":"0991747594","direccion":null,"email":"elo950@hotmail.com","ciudad_id":4,"direccion_delivery":null,"latitud":null,"longitud":null,"perfil":"admin","access_token":"$2y$10$3C7z\/WctXHuRvtUiR93Xv.pmQ5STlogYpD5D7i6euVdbAWlgb0Ugy","access_time":"2024-10-07 09:25:31","created_at":"2020-12-17T07:16:44.000000Z","updated_at":"2024-12-26T12:39:29.000000Z","deleted_at":null,"created_by":1,"updated_by":null,"deleted_by":null,"barrio_id":null,"user_access_id":null,"web":true,"delete_contra":null,"perfil_id":1,"empresa_id":null,"baja_token":null}  
[2024-12-26 12:54:11] local.INFO: {"id":19,"name":"Francisco Noceda (ADMIN)","ruc":"3813886-7","telefono":"0991747594","direccion":null,"email":"elo950@hotmail.com","ciudad_id":4,"direccion_delivery":null,"latitud":null,"longitud":null,"perfil":"admin","access_token":"$2y$10$3C7z\/WctXHuRvtUiR93Xv.pmQ5STlogYpD5D7i6euVdbAWlgb0Ugy","access_time":"2024-10-07 09:25:31","created_at":"2020-12-17T07:16:44.000000Z","updated_at":"2024-12-26T12:39:29.000000Z","deleted_at":null,"created_by":1,"updated_by":null,"deleted_by":null,"barrio_id":null,"user_access_id":null,"web":true,"delete_contra":null,"perfil_id":1,"empresa_id":null,"baja_token":null}  
[2024-12-26 12:54:17] local.INFO: {"id":19,"name":"Francisco Noceda (ADMIN)","ruc":"3813886-7","telefono":"0991747594","direccion":null,"email":"elo950@hotmail.com","ciudad_id":4,"direccion_delivery":null,"latitud":null,"longitud":null,"perfil":"admin","access_token":"$2y$10$3C7z\/WctXHuRvtUiR93Xv.pmQ5STlogYpD5D7i6euVdbAWlgb0Ugy","access_time":"2024-10-07 09:25:31","created_at":"2020-12-17T07:16:44.000000Z","updated_at":"2024-12-26T12:39:29.000000Z","deleted_at":null,"created_by":1,"updated_by":null,"deleted_by":null,"barrio_id":null,"user_access_id":null,"web":true,"delete_contra":null,"perfil_id":1,"empresa_id":null,"baja_token":null}  
[2024-12-26 12:55:01] local.INFO: {"id":19,"name":"Francisco Noceda (ADMIN)","ruc":"3813886-7","telefono":"0991747594","direccion":null,"email":"elo950@hotmail.com","ciudad_id":4,"direccion_delivery":null,"latitud":null,"longitud":null,"perfil":"admin","access_token":"$2y$10$3C7z\/WctXHuRvtUiR93Xv.pmQ5STlogYpD5D7i6euVdbAWlgb0Ugy","access_time":"2024-10-07 09:25:31","created_at":"2020-12-17T07:16:44.000000Z","updated_at":"2024-12-26T12:39:29.000000Z","deleted_at":null,"created_by":1,"updated_by":null,"deleted_by":null,"barrio_id":null,"user_access_id":null,"web":true,"delete_contra":null,"perfil_id":1,"empresa_id":null,"baja_token":null}  
[2024-12-26 12:55:15] local.INFO: {"id":19,"name":"Francisco Noceda (ADMIN)","ruc":"3813886-7","telefono":"0991747594","direccion":null,"email":"elo950@hotmail.com","ciudad_id":4,"direccion_delivery":null,"latitud":null,"longitud":null,"perfil":"admin","access_token":"$2y$10$3C7z\/WctXHuRvtUiR93Xv.pmQ5STlogYpD5D7i6euVdbAWlgb0Ugy","access_time":"2024-10-07 09:25:31","created_at":"2020-12-17T07:16:44.000000Z","updated_at":"2024-12-26T12:39:29.000000Z","deleted_at":null,"created_by":1,"updated_by":null,"deleted_by":null,"barrio_id":null,"user_access_id":null,"web":true,"delete_contra":null,"perfil_id":1,"empresa_id":null,"baja_token":null}  
[2024-12-26 13:28:48] local.INFO: {"id":19,"name":"Francisco Noceda (ADMIN)","ruc":"3813886-7","telefono":"0991747594","direccion":null,"email":"elo950@hotmail.com","ciudad_id":4,"direccion_delivery":null,"latitud":null,"longitud":null,"perfil":"admin","access_token":"$2y$10$3C7z\/WctXHuRvtUiR93Xv.pmQ5STlogYpD5D7i6euVdbAWlgb0Ugy","access_time":"2024-10-07 09:25:31","created_at":"2020-12-17T07:16:44.000000Z","updated_at":"2024-12-26T12:39:29.000000Z","deleted_at":null,"created_by":1,"updated_by":null,"deleted_by":null,"barrio_id":null,"user_access_id":null,"web":true,"delete_contra":null,"perfil_id":1,"empresa_id":null,"baja_token":null}  
[2024-12-26 13:56:55] local.INFO: {"id":19,"name":"Francisco Noceda (ADMIN)","ruc":"3813886-7","telefono":"0991747594","direccion":null,"email":"elo950@hotmail.com","ciudad_id":4,"direccion_delivery":null,"latitud":null,"longitud":null,"perfil":"admin","access_token":"$2y$10$3C7z\/WctXHuRvtUiR93Xv.pmQ5STlogYpD5D7i6euVdbAWlgb0Ugy","access_time":"2024-10-07 09:25:31","created_at":"2020-12-17T07:16:44.000000Z","updated_at":"2024-12-26T12:39:29.000000Z","deleted_at":null,"created_by":1,"updated_by":null,"deleted_by":null,"barrio_id":null,"user_access_id":null,"web":true,"delete_contra":null,"perfil_id":1,"empresa_id":null,"baja_token":null}  
[2024-12-26 13:56:55] local.INFO: C:\xampp\htdocs\casaOrientaNew\app\Http\Controllers\ArticulosController.php/datatable  
[2024-12-26 13:57:14] local.INFO: {"id":19,"name":"Francisco Noceda (ADMIN)","ruc":"3813886-7","telefono":"0991747594","direccion":null,"email":"elo950@hotmail.com","ciudad_id":4,"direccion_delivery":null,"latitud":null,"longitud":null,"perfil":"admin","access_token":"$2y$10$3C7z\/WctXHuRvtUiR93Xv.pmQ5STlogYpD5D7i6euVdbAWlgb0Ugy","access_time":"2024-10-07 09:25:31","created_at":"2020-12-17T07:16:44.000000Z","updated_at":"2024-12-26T12:39:29.000000Z","deleted_at":null,"created_by":1,"updated_by":null,"deleted_by":null,"barrio_id":null,"user_access_id":null,"web":true,"delete_contra":null,"perfil_id":1,"empresa_id":null,"baja_token":null}  
[2024-12-26 14:01:10] local.INFO: {"id":19,"name":"Francisco Noceda (ADMIN)","ruc":"3813886-7","telefono":"0991747594","direccion":null,"email":"elo950@hotmail.com","ciudad_id":4,"direccion_delivery":null,"latitud":null,"longitud":null,"perfil":"admin","access_token":"$2y$10$3C7z\/WctXHuRvtUiR93Xv.pmQ5STlogYpD5D7i6euVdbAWlgb0Ugy","access_time":"2024-10-07 09:25:31","created_at":"2020-12-17T07:16:44.000000Z","updated_at":"2024-12-26T12:39:29.000000Z","deleted_at":null,"created_by":1,"updated_by":null,"deleted_by":null,"barrio_id":null,"user_access_id":null,"web":true,"delete_contra":null,"perfil_id":1,"empresa_id":null,"baja_token":null}  
[2024-12-26 14:05:57] local.INFO: {"id":19,"name":"Francisco Noceda (ADMIN)","ruc":"3813886-7","telefono":"0991747594","direccion":null,"email":"elo950@hotmail.com","ciudad_id":4,"direccion_delivery":null,"latitud":null,"longitud":null,"perfil":"admin","access_token":"$2y$10$3C7z\/WctXHuRvtUiR93Xv.pmQ5STlogYpD5D7i6euVdbAWlgb0Ugy","access_time":"2024-10-07 09:25:31","created_at":"2020-12-17T07:16:44.000000Z","updated_at":"2024-12-26T12:39:29.000000Z","deleted_at":null,"created_by":1,"updated_by":null,"deleted_by":null,"barrio_id":null,"user_access_id":null,"web":true,"delete_contra":null,"perfil_id":1,"empresa_id":null,"baja_token":null}  
[2024-12-26 14:06:00] local.INFO: {"id":19,"name":"Francisco Noceda (ADMIN)","ruc":"3813886-7","telefono":"0991747594","direccion":null,"email":"elo950@hotmail.com","ciudad_id":4,"direccion_delivery":null,"latitud":null,"longitud":null,"perfil":"admin","access_token":"$2y$10$3C7z\/WctXHuRvtUiR93Xv.pmQ5STlogYpD5D7i6euVdbAWlgb0Ugy","access_time":"2024-10-07 09:25:31","created_at":"2020-12-17T07:16:44.000000Z","updated_at":"2024-12-26T12:39:29.000000Z","deleted_at":null,"created_by":1,"updated_by":null,"deleted_by":null,"barrio_id":null,"user_access_id":null,"web":true,"delete_contra":null,"perfil_id":1,"empresa_id":null,"baja_token":null}  
[2024-12-26 14:06:00] local.INFO: C:\xampp\htdocs\casaOrientaNew\app\Http\Controllers\ArticulosController.php/datatable  
[2024-12-26 14:16:46] local.INFO: {"id":19,"name":"Francisco Noceda (ADMIN)","ruc":"3813886-7","telefono":"0991747594","direccion":null,"email":"elo950@hotmail.com","ciudad_id":4,"direccion_delivery":null,"latitud":null,"longitud":null,"perfil":"admin","access_token":"$2y$10$3C7z\/WctXHuRvtUiR93Xv.pmQ5STlogYpD5D7i6euVdbAWlgb0Ugy","access_time":"2024-10-07 09:25:31","created_at":"2020-12-17T07:16:44.000000Z","updated_at":"2024-12-26T12:39:29.000000Z","deleted_at":null,"created_by":1,"updated_by":null,"deleted_by":null,"barrio_id":null,"user_access_id":null,"web":true,"delete_contra":null,"perfil_id":1,"empresa_id":null,"baja_token":null}  
[2024-12-26 14:16:49] local.INFO: {"id":19,"name":"Francisco Noceda (ADMIN)","ruc":"3813886-7","telefono":"0991747594","direccion":null,"email":"elo950@hotmail.com","ciudad_id":4,"direccion_delivery":null,"latitud":null,"longitud":null,"perfil":"admin","access_token":"$2y$10$3C7z\/WctXHuRvtUiR93Xv.pmQ5STlogYpD5D7i6euVdbAWlgb0Ugy","access_time":"2024-10-07 09:25:31","created_at":"2020-12-17T07:16:44.000000Z","updated_at":"2024-12-26T12:39:29.000000Z","deleted_at":null,"created_by":1,"updated_by":null,"deleted_by":null,"barrio_id":null,"user_access_id":null,"web":true,"delete_contra":null,"perfil_id":1,"empresa_id":null,"baja_token":null}  
[2024-12-26 14:16:49] local.INFO: C:\xampp\htdocs\casaOrientaNew\app\Http\Controllers\ArticulosController.php/datatable  
[2024-12-26 14:17:31] local.INFO: {"id":19,"name":"Francisco Noceda (ADMIN)","ruc":"3813886-7","telefono":"0991747594","direccion":null,"email":"elo950@hotmail.com","ciudad_id":4,"direccion_delivery":null,"latitud":null,"longitud":null,"perfil":"admin","access_token":"$2y$10$3C7z\/WctXHuRvtUiR93Xv.pmQ5STlogYpD5D7i6euVdbAWlgb0Ugy","access_time":"2024-10-07 09:25:31","created_at":"2020-12-17T07:16:44.000000Z","updated_at":"2024-12-26T12:39:29.000000Z","deleted_at":null,"created_by":1,"updated_by":null,"deleted_by":null,"barrio_id":null,"user_access_id":null,"web":true,"delete_contra":null,"perfil_id":1,"empresa_id":null,"baja_token":null}  
[2024-12-26 14:17:34] local.INFO: {"id":19,"name":"Francisco Noceda (ADMIN)","ruc":"3813886-7","telefono":"0991747594","direccion":null,"email":"elo950@hotmail.com","ciudad_id":4,"direccion_delivery":null,"latitud":null,"longitud":null,"perfil":"admin","access_token":"$2y$10$3C7z\/WctXHuRvtUiR93Xv.pmQ5STlogYpD5D7i6euVdbAWlgb0Ugy","access_time":"2024-10-07 09:25:31","created_at":"2020-12-17T07:16:44.000000Z","updated_at":"2024-12-26T12:39:29.000000Z","deleted_at":null,"created_by":1,"updated_by":null,"deleted_by":null,"barrio_id":null,"user_access_id":null,"web":true,"delete_contra":null,"perfil_id":1,"empresa_id":null,"baja_token":null}  
[2024-12-26 14:17:34] local.INFO: C:\xampp\htdocs\casaOrientaNew\app\Http\Controllers\ArticulosController.php/datatable  
[2024-12-26 14:19:56] local.INFO: {"id":19,"name":"Francisco Noceda (ADMIN)","ruc":"3813886-7","telefono":"0991747594","direccion":null,"email":"elo950@hotmail.com","ciudad_id":4,"direccion_delivery":null,"latitud":null,"longitud":null,"perfil":"admin","access_token":"$2y$10$3C7z\/WctXHuRvtUiR93Xv.pmQ5STlogYpD5D7i6euVdbAWlgb0Ugy","access_time":"2024-10-07 09:25:31","created_at":"2020-12-17T07:16:44.000000Z","updated_at":"2024-12-26T12:39:29.000000Z","deleted_at":null,"created_by":1,"updated_by":null,"deleted_by":null,"barrio_id":null,"user_access_id":null,"web":true,"delete_contra":null,"perfil_id":1,"empresa_id":null,"baja_token":null}  
[2024-12-26 14:19:59] local.INFO: {"id":19,"name":"Francisco Noceda (ADMIN)","ruc":"3813886-7","telefono":"0991747594","direccion":null,"email":"elo950@hotmail.com","ciudad_id":4,"direccion_delivery":null,"latitud":null,"longitud":null,"perfil":"admin","access_token":"$2y$10$3C7z\/WctXHuRvtUiR93Xv.pmQ5STlogYpD5D7i6euVdbAWlgb0Ugy","access_time":"2024-10-07 09:25:31","created_at":"2020-12-17T07:16:44.000000Z","updated_at":"2024-12-26T12:39:29.000000Z","deleted_at":null,"created_by":1,"updated_by":null,"deleted_by":null,"barrio_id":null,"user_access_id":null,"web":true,"delete_contra":null,"perfil_id":1,"empresa_id":null,"baja_token":null}  
[2024-12-26 14:19:59] local.INFO: C:\xampp\htdocs\casaOrientaNew\app\Http\Controllers\ArticulosController.php/datatable  
[2024-12-26 14:23:32] local.INFO: {"id":19,"name":"Francisco Noceda (ADMIN)","ruc":"3813886-7","telefono":"0991747594","direccion":null,"email":"elo950@hotmail.com","ciudad_id":4,"direccion_delivery":null,"latitud":null,"longitud":null,"perfil":"admin","access_token":"$2y$10$3C7z\/WctXHuRvtUiR93Xv.pmQ5STlogYpD5D7i6euVdbAWlgb0Ugy","access_time":"2024-10-07 09:25:31","created_at":"2020-12-17T07:16:44.000000Z","updated_at":"2024-12-26T12:39:29.000000Z","deleted_at":null,"created_by":1,"updated_by":null,"deleted_by":null,"barrio_id":null,"user_access_id":null,"web":true,"delete_contra":null,"perfil_id":1,"empresa_id":null,"baja_token":null}  
[2024-12-26 14:23:32] local.INFO: NARANJA  
[2024-12-26 14:23:32] local.INFO: array (
)  
[2024-12-26 14:23:33] local.INFO: {"id":19,"name":"Francisco Noceda (ADMIN)","ruc":"3813886-7","telefono":"0991747594","direccion":null,"email":"elo950@hotmail.com","ciudad_id":4,"direccion_delivery":null,"latitud":null,"longitud":null,"perfil":"admin","access_token":"$2y$10$3C7z\/WctXHuRvtUiR93Xv.pmQ5STlogYpD5D7i6euVdbAWlgb0Ugy","access_time":"2024-10-07 09:25:31","created_at":"2020-12-17T07:16:44.000000Z","updated_at":"2024-12-26T12:39:29.000000Z","deleted_at":null,"created_by":1,"updated_by":null,"deleted_by":null,"barrio_id":null,"user_access_id":null,"web":true,"delete_contra":null,"perfil_id":1,"empresa_id":null,"baja_token":null}  
[2024-12-26 14:23:33] local.INFO: C:\xampp\htdocs\casaOrientaNew\app\Http\Controllers\ArticulosController.php/datatable  
[2024-12-26 14:23:33] local.INFO: {"id":19,"name":"Francisco Noceda (ADMIN)","ruc":"3813886-7","telefono":"0991747594","direccion":null,"email":"elo950@hotmail.com","ciudad_id":4,"direccion_delivery":null,"latitud":null,"longitud":null,"perfil":"admin","access_token":"$2y$10$3C7z\/WctXHuRvtUiR93Xv.pmQ5STlogYpD5D7i6euVdbAWlgb0Ugy","access_time":"2024-10-07 09:25:31","created_at":"2020-12-17T07:16:44.000000Z","updated_at":"2024-12-26T12:39:29.000000Z","deleted_at":null,"created_by":1,"updated_by":null,"deleted_by":null,"barrio_id":null,"user_access_id":null,"web":true,"delete_contra":null,"perfil_id":1,"empresa_id":null,"baja_token":null}  
[2024-12-26 14:23:33] local.INFO: C:\xampp\htdocs\casaOrientaNew\app\Http\Controllers\ArticulosController.php/datatable  
[2024-12-26 14:34:45] local.INFO: {"id":19,"name":"Francisco Noceda (ADMIN)","ruc":"3813886-7","telefono":"0991747594","direccion":null,"email":"elo950@hotmail.com","ciudad_id":4,"direccion_delivery":null,"latitud":null,"longitud":null,"perfil":"admin","access_token":"$2y$10$3C7z\/WctXHuRvtUiR93Xv.pmQ5STlogYpD5D7i6euVdbAWlgb0Ugy","access_time":"2024-10-07 09:25:31","created_at":"2020-12-17T07:16:44.000000Z","updated_at":"2024-12-26T12:39:29.000000Z","deleted_at":null,"created_by":1,"updated_by":null,"deleted_by":null,"barrio_id":null,"user_access_id":null,"web":true,"delete_contra":null,"perfil_id":1,"empresa_id":null,"baja_token":null}  
[2024-12-26 14:34:48] local.INFO: {"id":19,"name":"Francisco Noceda (ADMIN)","ruc":"3813886-7","telefono":"0991747594","direccion":null,"email":"elo950@hotmail.com","ciudad_id":4,"direccion_delivery":null,"latitud":null,"longitud":null,"perfil":"admin","access_token":"$2y$10$3C7z\/WctXHuRvtUiR93Xv.pmQ5STlogYpD5D7i6euVdbAWlgb0Ugy","access_time":"2024-10-07 09:25:31","created_at":"2020-12-17T07:16:44.000000Z","updated_at":"2024-12-26T12:39:29.000000Z","deleted_at":null,"created_by":1,"updated_by":null,"deleted_by":null,"barrio_id":null,"user_access_id":null,"web":true,"delete_contra":null,"perfil_id":1,"empresa_id":null,"baja_token":null}  
[2024-12-26 14:34:48] local.INFO: C:\xampp\htdocs\casaOrientaNew\app\Http\Controllers\ArticulosController.php/datatable  
[2024-12-26 14:39:43] local.INFO: {"id":19,"name":"Francisco Noceda (ADMIN)","ruc":"3813886-7","telefono":"0991747594","direccion":null,"email":"elo950@hotmail.com","ciudad_id":4,"direccion_delivery":null,"latitud":null,"longitud":null,"perfil":"admin","access_token":"$2y$10$3C7z\/WctXHuRvtUiR93Xv.pmQ5STlogYpD5D7i6euVdbAWlgb0Ugy","access_time":"2024-10-07 09:25:31","created_at":"2020-12-17T07:16:44.000000Z","updated_at":"2024-12-26T12:39:29.000000Z","deleted_at":null,"created_by":1,"updated_by":null,"deleted_by":null,"barrio_id":null,"user_access_id":null,"web":true,"delete_contra":null,"perfil_id":1,"empresa_id":null,"baja_token":null}  
[2024-12-26 14:39:46] local.INFO: {"id":19,"name":"Francisco Noceda (ADMIN)","ruc":"3813886-7","telefono":"0991747594","direccion":null,"email":"elo950@hotmail.com","ciudad_id":4,"direccion_delivery":null,"latitud":null,"longitud":null,"perfil":"admin","access_token":"$2y$10$3C7z\/WctXHuRvtUiR93Xv.pmQ5STlogYpD5D7i6euVdbAWlgb0Ugy","access_time":"2024-10-07 09:25:31","created_at":"2020-12-17T07:16:44.000000Z","updated_at":"2024-12-26T12:39:29.000000Z","deleted_at":null,"created_by":1,"updated_by":null,"deleted_by":null,"barrio_id":null,"user_access_id":null,"web":true,"delete_contra":null,"perfil_id":1,"empresa_id":null,"baja_token":null}  
[2024-12-26 14:39:46] local.INFO: C:\xampp\htdocs\casaOrientaNew\app\Http\Controllers\ArticulosController.php/datatable  
[2024-12-26 14:41:42] local.INFO: {"id":19,"name":"Francisco Noceda (ADMIN)","ruc":"3813886-7","telefono":"0991747594","direccion":null,"email":"elo950@hotmail.com","ciudad_id":4,"direccion_delivery":null,"latitud":null,"longitud":null,"perfil":"admin","access_token":"$2y$10$3C7z\/WctXHuRvtUiR93Xv.pmQ5STlogYpD5D7i6euVdbAWlgb0Ugy","access_time":"2024-10-07 09:25:31","created_at":"2020-12-17T07:16:44.000000Z","updated_at":"2024-12-26T12:39:29.000000Z","deleted_at":null,"created_by":1,"updated_by":null,"deleted_by":null,"barrio_id":null,"user_access_id":null,"web":true,"delete_contra":null,"perfil_id":1,"empresa_id":null,"baja_token":null}  
[2024-12-26 14:41:44] local.INFO: {"id":19,"name":"Francisco Noceda (ADMIN)","ruc":"3813886-7","telefono":"0991747594","direccion":null,"email":"elo950@hotmail.com","ciudad_id":4,"direccion_delivery":null,"latitud":null,"longitud":null,"perfil":"admin","access_token":"$2y$10$3C7z\/WctXHuRvtUiR93Xv.pmQ5STlogYpD5D7i6euVdbAWlgb0Ugy","access_time":"2024-10-07 09:25:31","created_at":"2020-12-17T07:16:44.000000Z","updated_at":"2024-12-26T12:39:29.000000Z","deleted_at":null,"created_by":1,"updated_by":null,"deleted_by":null,"barrio_id":null,"user_access_id":null,"web":true,"delete_contra":null,"perfil_id":1,"empresa_id":null,"baja_token":null}  
[2024-12-26 14:41:44] local.INFO: C:\xampp\htdocs\casaOrientaNew\app\Http\Controllers\ArticulosController.php/datatable  
[2024-12-26 14:42:15] local.INFO: {"id":19,"name":"Francisco Noceda (ADMIN)","ruc":"3813886-7","telefono":"0991747594","direccion":null,"email":"elo950@hotmail.com","ciudad_id":4,"direccion_delivery":null,"latitud":null,"longitud":null,"perfil":"admin","access_token":"$2y$10$3C7z\/WctXHuRvtUiR93Xv.pmQ5STlogYpD5D7i6euVdbAWlgb0Ugy","access_time":"2024-10-07 09:25:31","created_at":"2020-12-17T07:16:44.000000Z","updated_at":"2024-12-26T12:39:29.000000Z","deleted_at":null,"created_by":1,"updated_by":null,"deleted_by":null,"barrio_id":null,"user_access_id":null,"web":true,"delete_contra":null,"perfil_id":1,"empresa_id":null,"baja_token":null}  
[2024-12-26 14:42:17] local.INFO: {"id":19,"name":"Francisco Noceda (ADMIN)","ruc":"3813886-7","telefono":"0991747594","direccion":null,"email":"elo950@hotmail.com","ciudad_id":4,"direccion_delivery":null,"latitud":null,"longitud":null,"perfil":"admin","access_token":"$2y$10$3C7z\/WctXHuRvtUiR93Xv.pmQ5STlogYpD5D7i6euVdbAWlgb0Ugy","access_time":"2024-10-07 09:25:31","created_at":"2020-12-17T07:16:44.000000Z","updated_at":"2024-12-26T12:39:29.000000Z","deleted_at":null,"created_by":1,"updated_by":null,"deleted_by":null,"barrio_id":null,"user_access_id":null,"web":true,"delete_contra":null,"perfil_id":1,"empresa_id":null,"baja_token":null}  
[2024-12-26 14:42:17] local.INFO: C:\xampp\htdocs\casaOrientaNew\app\Http\Controllers\ArticulosController.php/datatable  
[2024-12-26 14:42:38] local.INFO: {"id":19,"name":"Francisco Noceda (ADMIN)","ruc":"3813886-7","telefono":"0991747594","direccion":null,"email":"elo950@hotmail.com","ciudad_id":4,"direccion_delivery":null,"latitud":null,"longitud":null,"perfil":"admin","access_token":"$2y$10$3C7z\/WctXHuRvtUiR93Xv.pmQ5STlogYpD5D7i6euVdbAWlgb0Ugy","access_time":"2024-10-07 09:25:31","created_at":"2020-12-17T07:16:44.000000Z","updated_at":"2024-12-26T12:39:29.000000Z","deleted_at":null,"created_by":1,"updated_by":null,"deleted_by":null,"barrio_id":null,"user_access_id":null,"web":true,"delete_contra":null,"perfil_id":1,"empresa_id":null,"baja_token":null}  
[2024-12-26 14:42:40] local.INFO: {"id":19,"name":"Francisco Noceda (ADMIN)","ruc":"3813886-7","telefono":"0991747594","direccion":null,"email":"elo950@hotmail.com","ciudad_id":4,"direccion_delivery":null,"latitud":null,"longitud":null,"perfil":"admin","access_token":"$2y$10$3C7z\/WctXHuRvtUiR93Xv.pmQ5STlogYpD5D7i6euVdbAWlgb0Ugy","access_time":"2024-10-07 09:25:31","created_at":"2020-12-17T07:16:44.000000Z","updated_at":"2024-12-26T12:39:29.000000Z","deleted_at":null,"created_by":1,"updated_by":null,"deleted_by":null,"barrio_id":null,"user_access_id":null,"web":true,"delete_contra":null,"perfil_id":1,"empresa_id":null,"baja_token":null}  
[2024-12-26 14:42:40] local.INFO: C:\xampp\htdocs\casaOrientaNew\app\Http\Controllers\ArticulosController.php/datatable  
[2024-12-26 14:47:43] local.ERROR: Command "view:cleaer" is not defined.

Did you mean one of these?
    cache:clear
    config:clear
    event:clear
    optimize:clear
    queue:clear
    route:clear
    view:cache
    view:clear {"exception":"[object] (Symfony\\Component\\Console\\Exception\\CommandNotFoundException(code: 0): Command \"view:cleaer\" is not defined.

Did you mean one of these?
    cache:clear
    config:clear
    event:clear
    optimize:clear
    queue:clear
    route:clear
    view:cache
    view:clear at C:\\xampp\\htdocs\\casaOrientaNew\\vendor\\symfony\\console\\Application.php:702)
[stacktrace]
#0 C:\\xampp\\htdocs\\casaOrientaNew\\vendor\\symfony\\console\\Application.php(258): Symfony\\Component\\Console\\Application->find('view:cleaer')
#1 C:\\xampp\\htdocs\\casaOrientaNew\\vendor\\symfony\\console\\Application.php(167): Symfony\\Component\\Console\\Application->doRun(Object(Symfony\\Component\\Console\\Input\\ArgvInput), Object(Symfony\\Component\\Console\\Output\\ConsoleOutput))
#2 C:\\xampp\\htdocs\\casaOrientaNew\\vendor\\laravel\\framework\\src\\Illuminate\\Foundation\\Console\\Kernel.php(197): Symfony\\Component\\Console\\Application->run(Object(Symfony\\Component\\Console\\Input\\ArgvInput), Object(Symfony\\Component\\Console\\Output\\ConsoleOutput))
#3 C:\\xampp\\htdocs\\casaOrientaNew\\artisan(35): Illuminate\\Foundation\\Console\\Kernel->handle(Object(Symfony\\Component\\Console\\Input\\ArgvInput), Object(Symfony\\Component\\Console\\Output\\ConsoleOutput))
#4 {main}
"} 
[2024-12-26 14:48:05] local.INFO: {"id":19,"name":"Francisco Noceda (ADMIN)","ruc":"3813886-7","telefono":"0991747594","direccion":null,"email":"elo950@hotmail.com","ciudad_id":4,"direccion_delivery":null,"latitud":null,"longitud":null,"perfil":"admin","access_token":"$2y$10$3C7z\/WctXHuRvtUiR93Xv.pmQ5STlogYpD5D7i6euVdbAWlgb0Ugy","access_time":"2024-10-07 09:25:31","created_at":"2020-12-17T07:16:44.000000Z","updated_at":"2024-12-26T12:39:29.000000Z","deleted_at":null,"created_by":1,"updated_by":null,"deleted_by":null,"barrio_id":null,"user_access_id":null,"web":true,"delete_contra":null,"perfil_id":1,"empresa_id":null,"baja_token":null}  
[2024-12-26 14:48:08] local.INFO: {"id":19,"name":"Francisco Noceda (ADMIN)","ruc":"3813886-7","telefono":"0991747594","direccion":null,"email":"elo950@hotmail.com","ciudad_id":4,"direccion_delivery":null,"latitud":null,"longitud":null,"perfil":"admin","access_token":"$2y$10$3C7z\/WctXHuRvtUiR93Xv.pmQ5STlogYpD5D7i6euVdbAWlgb0Ugy","access_time":"2024-10-07 09:25:31","created_at":"2020-12-17T07:16:44.000000Z","updated_at":"2024-12-26T12:39:29.000000Z","deleted_at":null,"created_by":1,"updated_by":null,"deleted_by":null,"barrio_id":null,"user_access_id":null,"web":true,"delete_contra":null,"perfil_id":1,"empresa_id":null,"baja_token":null}  
[2024-12-26 14:48:08] local.INFO: C:\xampp\htdocs\casaOrientaNew\app\Http\Controllers\ArticulosController.php/datatable  
[2024-12-26 17:19:23] local.INFO: {"id":1,"name":"Francisco","ruc":null,"telefono":"0991747594","direccion":null,"email":"fnoceda83@gmail.com","ciudad_id":null,"direccion_delivery":null,"latitud":null,"longitud":null,"perfil":"admin","access_token":"$2y$10$7EXfO5vw8ws5PO\/fVKTAu.u15JSWXjt0m\/4C8CFZtKZ6uJuNTh.\/i","access_time":"2024-10-07 10:30:57","created_at":"2022-11-16T21:06:17.000000Z","updated_at":"2024-12-26T17:19:22.000000Z","deleted_at":null,"created_by":1,"updated_by":1,"deleted_by":null,"barrio_id":null,"user_access_id":"","web":true,"delete_contra":"$2y$10$uY4YBnlUPq\/qyFCluqfPXeIcbu46yzbKZhTvK8Smy0PLRsqJrCekC","perfil_id":2,"empresa_id":null,"baja_token":null}  
[2024-12-26 17:19:25] local.INFO: {"id":1,"name":"Francisco","ruc":null,"telefono":"0991747594","direccion":null,"email":"fnoceda83@gmail.com","ciudad_id":null,"direccion_delivery":null,"latitud":null,"longitud":null,"perfil":"admin","access_token":"$2y$10$7EXfO5vw8ws5PO\/fVKTAu.u15JSWXjt0m\/4C8CFZtKZ6uJuNTh.\/i","access_time":"2024-10-07 10:30:57","created_at":"2022-11-16T21:06:17.000000Z","updated_at":"2024-12-26T17:19:22.000000Z","deleted_at":null,"created_by":1,"updated_by":1,"deleted_by":null,"barrio_id":null,"user_access_id":"","web":true,"delete_contra":"$2y$10$uY4YBnlUPq\/qyFCluqfPXeIcbu46yzbKZhTvK8Smy0PLRsqJrCekC","perfil_id":2,"empresa_id":null,"baja_token":null}  
[2024-12-26 17:19:25] local.INFO: C:\xampp\htdocs\casaOrientaNew\app\Http\Controllers\ArticulosController.php/datatable  
[2024-12-26 17:19:45] local.INFO: {"id":1,"name":"Francisco","ruc":null,"telefono":"0991747594","direccion":null,"email":"fnoceda83@gmail.com","ciudad_id":null,"direccion_delivery":null,"latitud":null,"longitud":null,"perfil":"admin","access_token":"$2y$10$7EXfO5vw8ws5PO\/fVKTAu.u15JSWXjt0m\/4C8CFZtKZ6uJuNTh.\/i","access_time":"2024-10-07 10:30:57","created_at":"2022-11-16T21:06:17.000000Z","updated_at":"2024-12-26T17:19:22.000000Z","deleted_at":null,"created_by":1,"updated_by":1,"deleted_by":null,"barrio_id":null,"user_access_id":"","web":true,"delete_contra":"$2y$10$uY4YBnlUPq\/qyFCluqfPXeIcbu46yzbKZhTvK8Smy0PLRsqJrCekC","perfil_id":2,"empresa_id":null,"baja_token":null}  
[2024-12-26 17:19:47] local.INFO: {"id":1,"name":"Francisco","ruc":null,"telefono":"0991747594","direccion":null,"email":"fnoceda83@gmail.com","ciudad_id":null,"direccion_delivery":null,"latitud":null,"longitud":null,"perfil":"admin","access_token":"$2y$10$7EXfO5vw8ws5PO\/fVKTAu.u15JSWXjt0m\/4C8CFZtKZ6uJuNTh.\/i","access_time":"2024-10-07 10:30:57","created_at":"2022-11-16T21:06:17.000000Z","updated_at":"2024-12-26T17:19:22.000000Z","deleted_at":null,"created_by":1,"updated_by":1,"deleted_by":null,"barrio_id":null,"user_access_id":"","web":true,"delete_contra":"$2y$10$uY4YBnlUPq\/qyFCluqfPXeIcbu46yzbKZhTvK8Smy0PLRsqJrCekC","perfil_id":2,"empresa_id":null,"baja_token":null}  
[2024-12-26 17:19:47] local.INFO: C:\xampp\htdocs\casaOrientaNew\app\Http\Controllers\ArticulosController.php/datatable  
[2024-12-26 17:24:24] local.INFO: {"id":1,"name":"Francisco","ruc":null,"telefono":"0991747594","direccion":null,"email":"fnoceda83@gmail.com","ciudad_id":null,"direccion_delivery":null,"latitud":null,"longitud":null,"perfil":"admin","access_token":"$2y$10$7EXfO5vw8ws5PO\/fVKTAu.u15JSWXjt0m\/4C8CFZtKZ6uJuNTh.\/i","access_time":"2024-10-07 10:30:57","created_at":"2022-11-16T21:06:17.000000Z","updated_at":"2024-12-26T17:19:22.000000Z","deleted_at":null,"created_by":1,"updated_by":1,"deleted_by":null,"barrio_id":null,"user_access_id":"","web":true,"delete_contra":"$2y$10$uY4YBnlUPq\/qyFCluqfPXeIcbu46yzbKZhTvK8Smy0PLRsqJrCekC","perfil_id":2,"empresa_id":null,"baja_token":null}  
[2024-12-26 17:24:27] local.INFO: {"id":1,"name":"Francisco","ruc":null,"telefono":"0991747594","direccion":null,"email":"fnoceda83@gmail.com","ciudad_id":null,"direccion_delivery":null,"latitud":null,"longitud":null,"perfil":"admin","access_token":"$2y$10$7EXfO5vw8ws5PO\/fVKTAu.u15JSWXjt0m\/4C8CFZtKZ6uJuNTh.\/i","access_time":"2024-10-07 10:30:57","created_at":"2022-11-16T21:06:17.000000Z","updated_at":"2024-12-26T17:19:22.000000Z","deleted_at":null,"created_by":1,"updated_by":1,"deleted_by":null,"barrio_id":null,"user_access_id":"","web":true,"delete_contra":"$2y$10$uY4YBnlUPq\/qyFCluqfPXeIcbu46yzbKZhTvK8Smy0PLRsqJrCekC","perfil_id":2,"empresa_id":null,"baja_token":null}  
[2024-12-26 17:24:27] local.INFO: C:\xampp\htdocs\casaOrientaNew\app\Http\Controllers\ArticulosController.php/datatable  
[2024-12-26 17:24:29] local.INFO: {"id":1,"name":"Francisco","ruc":null,"telefono":"0991747594","direccion":null,"email":"fnoceda83@gmail.com","ciudad_id":null,"direccion_delivery":null,"latitud":null,"longitud":null,"perfil":"admin","access_token":"$2y$10$7EXfO5vw8ws5PO\/fVKTAu.u15JSWXjt0m\/4C8CFZtKZ6uJuNTh.\/i","access_time":"2024-10-07 10:30:57","created_at":"2022-11-16T21:06:17.000000Z","updated_at":"2024-12-26T17:19:22.000000Z","deleted_at":null,"created_by":1,"updated_by":1,"deleted_by":null,"barrio_id":null,"user_access_id":"","web":true,"delete_contra":"$2y$10$uY4YBnlUPq\/qyFCluqfPXeIcbu46yzbKZhTvK8Smy0PLRsqJrCekC","perfil_id":2,"empresa_id":null,"baja_token":null}  
[2024-12-26 17:24:52] local.INFO: {"id":1,"name":"Francisco","ruc":null,"telefono":"0991747594","direccion":null,"email":"fnoceda83@gmail.com","ciudad_id":null,"direccion_delivery":null,"latitud":null,"longitud":null,"perfil":"admin","access_token":"$2y$10$7EXfO5vw8ws5PO\/fVKTAu.u15JSWXjt0m\/4C8CFZtKZ6uJuNTh.\/i","access_time":"2024-10-07 10:30:57","created_at":"2022-11-16T21:06:17.000000Z","updated_at":"2024-12-26T17:19:22.000000Z","deleted_at":null,"created_by":1,"updated_by":1,"deleted_by":null,"barrio_id":null,"user_access_id":"","web":true,"delete_contra":"$2y$10$uY4YBnlUPq\/qyFCluqfPXeIcbu46yzbKZhTvK8Smy0PLRsqJrCekC","perfil_id":1,"empresa_id":null,"baja_token":null}  
[2024-12-26 17:25:01] local.INFO: {"id":1,"name":"Francisco","ruc":null,"telefono":"0991747594","direccion":null,"email":"fnoceda83@gmail.com","ciudad_id":null,"direccion_delivery":null,"latitud":null,"longitud":null,"perfil":"admin","access_token":"$2y$10$7EXfO5vw8ws5PO\/fVKTAu.u15JSWXjt0m\/4C8CFZtKZ6uJuNTh.\/i","access_time":"2024-10-07 10:30:57","created_at":"2022-11-16T21:06:17.000000Z","updated_at":"2024-12-26T17:19:22.000000Z","deleted_at":null,"created_by":1,"updated_by":1,"deleted_by":null,"barrio_id":null,"user_access_id":"","web":true,"delete_contra":"$2y$10$uY4YBnlUPq\/qyFCluqfPXeIcbu46yzbKZhTvK8Smy0PLRsqJrCekC","perfil_id":1,"empresa_id":null,"baja_token":null}  
[2024-12-26 17:25:03] local.INFO: {"id":1,"name":"Francisco","ruc":null,"telefono":"0991747594","direccion":null,"email":"fnoceda83@gmail.com","ciudad_id":null,"direccion_delivery":null,"latitud":null,"longitud":null,"perfil":"admin","access_token":"$2y$10$7EXfO5vw8ws5PO\/fVKTAu.u15JSWXjt0m\/4C8CFZtKZ6uJuNTh.\/i","access_time":"2024-10-07 10:30:57","created_at":"2022-11-16T21:06:17.000000Z","updated_at":"2024-12-26T17:19:22.000000Z","deleted_at":null,"created_by":1,"updated_by":1,"deleted_by":null,"barrio_id":null,"user_access_id":"","web":true,"delete_contra":"$2y$10$uY4YBnlUPq\/qyFCluqfPXeIcbu46yzbKZhTvK8Smy0PLRsqJrCekC","perfil_id":1,"empresa_id":null,"baja_token":null}  
[2024-12-26 17:25:03] local.INFO: C:\xampp\htdocs\casaOrientaNew\app\Http\Controllers\ArticulosController.php/datatable  
[2024-12-26 17:25:35] local.INFO: {"id":1,"name":"Francisco","ruc":null,"telefono":"0991747594","direccion":null,"email":"fnoceda83@gmail.com","ciudad_id":null,"direccion_delivery":null,"latitud":null,"longitud":null,"perfil":"admin","access_token":"$2y$10$7EXfO5vw8ws5PO\/fVKTAu.u15JSWXjt0m\/4C8CFZtKZ6uJuNTh.\/i","access_time":"2024-10-07 10:30:57","created_at":"2022-11-16T21:06:17.000000Z","updated_at":"2024-12-26T17:19:22.000000Z","deleted_at":null,"created_by":1,"updated_by":1,"deleted_by":null,"barrio_id":null,"user_access_id":"","web":true,"delete_contra":"$2y$10$uY4YBnlUPq\/qyFCluqfPXeIcbu46yzbKZhTvK8Smy0PLRsqJrCekC","perfil_id":1,"empresa_id":null,"baja_token":null}  
[2024-12-26 17:25:35] local.INFO: array (
)  
[2024-12-26 17:25:36] local.INFO: {"id":1,"name":"Francisco","ruc":null,"telefono":"0991747594","direccion":null,"email":"fnoceda83@gmail.com","ciudad_id":null,"direccion_delivery":null,"latitud":null,"longitud":null,"perfil":"admin","access_token":"$2y$10$7EXfO5vw8ws5PO\/fVKTAu.u15JSWXjt0m\/4C8CFZtKZ6uJuNTh.\/i","access_time":"2024-10-07 10:30:57","created_at":"2022-11-16T21:06:17.000000Z","updated_at":"2024-12-26T17:19:22.000000Z","deleted_at":null,"created_by":1,"updated_by":1,"deleted_by":null,"barrio_id":null,"user_access_id":"","web":true,"delete_contra":"$2y$10$uY4YBnlUPq\/qyFCluqfPXeIcbu46yzbKZhTvK8Smy0PLRsqJrCekC","perfil_id":1,"empresa_id":null,"baja_token":null}  
[2024-12-26 17:25:36] local.INFO: C:\xampp\htdocs\casaOrientaNew\app\Http\Controllers\ArticulosController.php/datatable  
[2024-12-26 17:25:36] local.INFO: {"id":1,"name":"Francisco","ruc":null,"telefono":"0991747594","direccion":null,"email":"fnoceda83@gmail.com","ciudad_id":null,"direccion_delivery":null,"latitud":null,"longitud":null,"perfil":"admin","access_token":"$2y$10$7EXfO5vw8ws5PO\/fVKTAu.u15JSWXjt0m\/4C8CFZtKZ6uJuNTh.\/i","access_time":"2024-10-07 10:30:57","created_at":"2022-11-16T21:06:17.000000Z","updated_at":"2024-12-26T17:19:22.000000Z","deleted_at":null,"created_by":1,"updated_by":1,"deleted_by":null,"barrio_id":null,"user_access_id":"","web":true,"delete_contra":"$2y$10$uY4YBnlUPq\/qyFCluqfPXeIcbu46yzbKZhTvK8Smy0PLRsqJrCekC","perfil_id":1,"empresa_id":null,"baja_token":null}  
[2024-12-26 17:25:36] local.INFO: C:\xampp\htdocs\casaOrientaNew\app\Http\Controllers\ArticulosController.php/datatable  
[2024-12-26 17:31:57] local.INFO: {"id":1,"name":"Francisco","ruc":null,"telefono":"0991747594","direccion":null,"email":"fnoceda83@gmail.com","ciudad_id":null,"direccion_delivery":null,"latitud":null,"longitud":null,"perfil":"admin","access_token":"$2y$10$7EXfO5vw8ws5PO\/fVKTAu.u15JSWXjt0m\/4C8CFZtKZ6uJuNTh.\/i","access_time":"2024-10-07 10:30:57","created_at":"2022-11-16T21:06:17.000000Z","updated_at":"2024-12-26T17:19:22.000000Z","deleted_at":null,"created_by":1,"updated_by":1,"deleted_by":null,"barrio_id":null,"user_access_id":"","web":true,"delete_contra":"$2y$10$uY4YBnlUPq\/qyFCluqfPXeIcbu46yzbKZhTvK8Smy0PLRsqJrCekC","perfil_id":1,"empresa_id":null,"baja_token":null}  
[2024-12-26 17:32:00] local.INFO: {"id":1,"name":"Francisco","ruc":null,"telefono":"0991747594","direccion":null,"email":"fnoceda83@gmail.com","ciudad_id":null,"direccion_delivery":null,"latitud":null,"longitud":null,"perfil":"admin","access_token":"$2y$10$7EXfO5vw8ws5PO\/fVKTAu.u15JSWXjt0m\/4C8CFZtKZ6uJuNTh.\/i","access_time":"2024-10-07 10:30:57","created_at":"2022-11-16T21:06:17.000000Z","updated_at":"2024-12-26T17:19:22.000000Z","deleted_at":null,"created_by":1,"updated_by":1,"deleted_by":null,"barrio_id":null,"user_access_id":"","web":true,"delete_contra":"$2y$10$uY4YBnlUPq\/qyFCluqfPXeIcbu46yzbKZhTvK8Smy0PLRsqJrCekC","perfil_id":1,"empresa_id":null,"baja_token":null}  
[2024-12-26 17:32:00] local.INFO: C:\xampp\htdocs\casaOrientaNew\app\Http\Controllers\ArticulosController.php/datatable  
[2024-12-26 17:32:32] local.INFO: {"id":1,"name":"Francisco","ruc":null,"telefono":"0991747594","direccion":null,"email":"fnoceda83@gmail.com","ciudad_id":null,"direccion_delivery":null,"latitud":null,"longitud":null,"perfil":"admin","access_token":"$2y$10$7EXfO5vw8ws5PO\/fVKTAu.u15JSWXjt0m\/4C8CFZtKZ6uJuNTh.\/i","access_time":"2024-10-07 10:30:57","created_at":"2022-11-16T21:06:17.000000Z","updated_at":"2024-12-26T17:19:22.000000Z","deleted_at":null,"created_by":1,"updated_by":1,"deleted_by":null,"barrio_id":null,"user_access_id":"","web":true,"delete_contra":"$2y$10$uY4YBnlUPq\/qyFCluqfPXeIcbu46yzbKZhTvK8Smy0PLRsqJrCekC","perfil_id":1,"empresa_id":null,"baja_token":null}  
[2024-12-26 17:32:32] local.INFO: array (
)  
[2024-12-26 17:32:33] local.INFO: {"id":1,"name":"Francisco","ruc":null,"telefono":"0991747594","direccion":null,"email":"fnoceda83@gmail.com","ciudad_id":null,"direccion_delivery":null,"latitud":null,"longitud":null,"perfil":"admin","access_token":"$2y$10$7EXfO5vw8ws5PO\/fVKTAu.u15JSWXjt0m\/4C8CFZtKZ6uJuNTh.\/i","access_time":"2024-10-07 10:30:57","created_at":"2022-11-16T21:06:17.000000Z","updated_at":"2024-12-26T17:19:22.000000Z","deleted_at":null,"created_by":1,"updated_by":1,"deleted_by":null,"barrio_id":null,"user_access_id":"","web":true,"delete_contra":"$2y$10$uY4YBnlUPq\/qyFCluqfPXeIcbu46yzbKZhTvK8Smy0PLRsqJrCekC","perfil_id":1,"empresa_id":null,"baja_token":null}  
[2024-12-26 17:32:33] local.INFO: C:\xampp\htdocs\casaOrientaNew\app\Http\Controllers\ArticulosController.php/datatable  
[2024-12-26 17:36:48] local.INFO: C:\xampp\htdocs\casaOrientaNew\app\Http\Controllers\ArticulosController.php/datatable  
